[ 2014-01-13T10:17:23+08:00 ] 127.0.0.1 /wxsc.v1.1/install.php
INFO: [ app_begin ] --START--
INFO: Run ReadHtmlCache Behavior [ RunTime:0.003640s ]
INFO: [ app_begin ] --END-- [ RunTime:0.003832s ]
INFO: [ view_template ] --START--
INFO: Run LocationTemplate Behavior [ RunTime:-0.008738s ]
INFO: [ view_template ] --END-- [ RunTime:0.004106s ]
INFO: [ view_parse ] --START--
INFO: [ view_template ] --START--
INFO: Run LocationTemplate Behavior [ RunTime:-0.025001s ]
INFO: [ view_template ] --END-- [ RunTime:-0.012126s ]
INFO: [ view_template ] --START--
INFO: Run LocationTemplate Behavior [ RunTime:-0.026870s ]
INFO: [ view_template ] --END-- [ RunTime:-0.014032s ]
INFO: Run ParseTemplate Behavior [ RunTime:-0.026870s ]
INFO: [ view_parse ] --END-- [ RunTime:0.039942s ]
INFO: [ view_filter ] --START--
INFO: Run ContentReplace Behavior [ RunTime:-0.052917s ]
INFO: Run TokenBuild Behavior [ RunTime:-0.055981s ]
INFO: Run WriteHtmlCache Behavior [ RunTime:-0.058971s ]
INFO: Run ShowRuntime Behavior [ RunTime:-0.061516s ]
INFO: [ view_filter ] --END-- [ RunTime:0.012013s ]
INFO: [ view_end ] --START--
INFO: Run ShowPageTrace Behavior [ RunTime:-0.065069s ]
INFO: [ view_end ] --END-- [ RunTime:0.003593s ]

[ 2014-01-13T10:17:28+08:00 ] 127.0.0.1 /wxsc.v1.1/install.php?m=index&a=setconf
INFO: [ app_begin ] --START--
INFO: Run ReadHtmlCache Behavior [ RunTime:0.000844s ]
INFO: [ app_begin ] --END-- [ RunTime:0.000965s ]
INFO: [ view_template ] --START--
INFO: Run LocationTemplate Behavior [ RunTime:-0.002380s ]
INFO: [ view_template ] --END-- [ RunTime:0.001422s ]
INFO: [ view_parse ] --START--
INFO: [ view_template ] --START--
INFO: Run LocationTemplate Behavior [ RunTime:-0.006661s ]
INFO: [ view_template ] --END-- [ RunTime:-0.002848s ]
INFO: [ view_template ] --START--
INFO: Run LocationTemplate Behavior [ RunTime:-0.008116s ]
INFO: [ view_template ] --END-- [ RunTime:-0.004307s ]
INFO: Run ParseTemplate Behavior [ RunTime:-0.008116s ]
INFO: [ view_parse ] --END-- [ RunTime:0.045515s ]
INFO: [ view_filter ] --START--
INFO: Run ContentReplace Behavior [ RunTime:-0.049438s ]
INFO: Run TokenBuild Behavior [ RunTime:-0.050472s ]
INFO: Run WriteHtmlCache Behavior [ RunTime:-0.051363s ]
INFO: Run ShowRuntime Behavior [ RunTime:-0.052147s ]
INFO: [ view_filter ] --END-- [ RunTime:0.003650s ]
INFO: [ view_end ] --START--
INFO: Run ShowPageTrace Behavior [ RunTime:-0.053207s ]
INFO: [ view_end ] --END-- [ RunTime:0.001007s ]

[ 2014-01-13T10:18:31+08:00 ] 127.0.0.1 /wxsc.v1.1/install.php?m=index&a=install
INFO: [ app_begin ] --START--
INFO: Run ReadHtmlCache Behavior [ RunTime:0.001687s ]
INFO: [ app_begin ] --END-- [ RunTime:0.001802s ]
INFO: [ view_template ] --START--
INFO: Run LocationTemplate Behavior [ RunTime:-0.002774s ]
INFO: [ view_template ] --END-- [ RunTime:0.002527s ]
INFO: [ view_parse ] --START--
INFO: [ view_template ] --START--
INFO: Run LocationTemplate Behavior [ RunTime:-0.009155s ]
INFO: [ view_template ] --END-- [ RunTime:-0.003850s ]
INFO: [ view_template ] --START--
INFO: Run LocationTemplate Behavior [ RunTime:-0.010733s ]
INFO: [ view_template ] --END-- [ RunTime:-0.005432s ]
INFO: Run ParseTemplate Behavior [ RunTime:-0.010733s ]
INFO: [ view_parse ] --END-- [ RunTime:0.017514s ]
INFO: [ view_filter ] --START--
INFO: Run ContentReplace Behavior [ RunTime:-0.023317s ]
INFO: Run TokenBuild Behavior [ RunTime:-0.024846s ]
INFO: Run WriteHtmlCache Behavior [ RunTime:-0.026174s ]
INFO: Run ShowRuntime Behavior [ RunTime:-0.028183s ]
INFO: [ view_filter ] --END-- [ RunTime:0.006727s ]
INFO: [ view_end ] --START--
INFO: Run ShowPageTrace Behavior [ RunTime:-0.030149s ]
INFO: [ view_end ] --END-- [ RunTime:0.001588s ]

[ 2014-01-13T10:18:35+08:00 ] 127.0.0.1 /wxsc.v1.1/install.php?m=index&a=finish_done
INFO: [ app_begin ] --START--
INFO: Run ReadHtmlCache Behavior [ RunTime:0.007894s ]
INFO: [ app_begin ] --END-- [ RunTime:0.008048s ]

[ 2014-01-13T10:18:37+08:00 ] 127.0.0.1 /wxsc.v1.1/install.php?m=index&a=finish
INFO: [ app_begin ] --START--
INFO: Run ReadHtmlCache Behavior [ RunTime:0.002412s ]
INFO: [ app_begin ] --END-- [ RunTime:0.002677s ]
INFO: [ view_template ] --START--
INFO: Run LocationTemplate Behavior [ RunTime:-0.004500s ]
INFO: [ view_template ] --END-- [ RunTime:0.002164s ]
INFO: [ view_parse ] --START--
INFO: [ view_template ] --START--
INFO: Run LocationTemplate Behavior [ RunTime:-0.010396s ]
INFO: [ view_template ] --END-- [ RunTime:-0.003745s ]
INFO: [ view_template ] --START--
INFO: Run LocationTemplate Behavior [ RunTime:-0.011978s ]
INFO: [ view_template ] --END-- [ RunTime:-0.005324s ]
INFO: Run ParseTemplate Behavior [ RunTime:-0.011978s ]
INFO: [ view_parse ] --END-- [ RunTime:0.015956s ]
INFO: [ view_filter ] --START--
INFO: Run ContentReplace Behavior [ RunTime:-0.022752s ]
INFO: Run TokenBuild Behavior [ RunTime:-0.024269s ]
INFO: Run WriteHtmlCache Behavior [ RunTime:-0.025618s ]
INFO: Run ShowRuntime Behavior [ RunTime:-0.026847s ]
INFO: [ view_filter ] --END-- [ RunTime:0.005885s ]
INFO: [ view_end ] --START--
INFO: Run ShowPageTrace Behavior [ RunTime:-0.028804s ]
INFO: [ view_end ] --END-- [ RunTime:0.001483s ]

