[ 2014-02-21T11:50:23+08:00 ] 127.0.0.1 /wxsc.v1.2/install.php
INFO: [ app_begin ] --START--
INFO: Run ReadHtmlCache Behavior [ RunTime:0.018473s ]
INFO: [ app_begin ] --END-- [ RunTime:0.018719s ]
INFO: [ view_template ] --START--
INFO: Run LocationTemplate Behavior [ RunTime:-0.026320s ]
INFO: [ view_template ] --END-- [ RunTime:0.022404s ]
INFO: [ view_parse ] --START--
INFO: [ view_template ] --START--
INFO: Run LocationTemplate Behavior [ RunTime:-0.084194s ]
INFO: [ view_template ] --END-- [ RunTime:-0.035467s ]
INFO: [ view_template ] --START--
INFO: Run LocationTemplate Behavior [ RunTime:-0.085423s ]
INFO: [ view_template ] --END-- [ RunTime:-0.036706s ]
INFO: Run ParseTemplate Behavior [ RunTime:-0.085423s ]
INFO: [ view_parse ] --END-- [ RunTime:0.111961s ]
INFO: [ view_filter ] --START--
INFO: Run ContentReplace Behavior [ RunTime:-0.160837s ]
INFO: Run TokenBuild Behavior [ RunTime:-0.183869s ]
INFO: Run WriteHtmlCache Behavior [ RunTime:-0.190192s ]
INFO: Run ShowRuntime Behavior [ RunTime:-0.197733s ]
INFO: [ view_filter ] --END-- [ RunTime:0.039636s ]
INFO: [ view_end ] --START--
INFO: Run ShowPageTrace Behavior [ RunTime:-0.200614s ]
INFO: [ view_end ] --END-- [ RunTime:0.013454s ]

[ 2014-02-21T11:50:30+08:00 ] 127.0.0.1 /wxsc.v1.2/install.php?m=index&a=setconf
INFO: [ app_begin ] --START--
INFO: Run ReadHtmlCache Behavior [ RunTime:0.001231s ]
INFO: [ app_begin ] --END-- [ RunTime:0.001348s ]
INFO: [ view_template ] --START--
INFO: Run LocationTemplate Behavior [ RunTime:-0.003061s ]
INFO: [ view_template ] --END-- [ RunTime:0.002004s ]
INFO: [ view_parse ] --START--
INFO: [ view_template ] --START--
INFO: Run LocationTemplate Behavior [ RunTime:-0.008923s ]
INFO: [ view_template ] --END-- [ RunTime:-0.003860s ]
INFO: [ view_template ] --START--
INFO: Run LocationTemplate Behavior [ RunTime:-0.010580s ]
INFO: [ view_template ] --END-- [ RunTime:-0.005518s ]
INFO: Run ParseTemplate Behavior [ RunTime:-0.010580s ]
INFO: [ view_parse ] --END-- [ RunTime:0.024953s ]
INFO: [ view_filter ] --START--
INFO: Run ContentReplace Behavior [ RunTime:-0.030139s ]
INFO: Run TokenBuild Behavior [ RunTime:-0.031169s ]
INFO: Run WriteHtmlCache Behavior [ RunTime:-0.032488s ]
INFO: Run ShowRuntime Behavior [ RunTime:-0.033664s ]
INFO: [ view_filter ] --END-- [ RunTime:0.005466s ]
INFO: [ view_end ] --START--
INFO: Run ShowPageTrace Behavior [ RunTime:-0.035769s ]
INFO: [ view_end ] --END-- [ RunTime:0.001418s ]

[ 2014-02-21T11:50:56+08:00 ] 127.0.0.1 /wxsc.v1.2/install.php?m=index&a=setconf
INFO: [ app_begin ] --START--
INFO: Run ReadHtmlCache Behavior [ RunTime:0.001217s ]
INFO: [ app_begin ] --END-- [ RunTime:0.001330s ]
INFO: [ view_template ] --START--
INFO: Run LocationTemplate Behavior [ RunTime:-0.002666s ]
INFO: [ view_template ] --END-- [ RunTime:0.003484s ]
INFO: [ view_parse ] --START--
INFO: [ view_template ] --START--
INFO: Run LocationTemplate Behavior [ RunTime:-0.009788s ]
INFO: [ view_template ] --END-- [ RunTime:-0.003647s ]
INFO: [ view_template ] --START--
INFO: Run LocationTemplate Behavior [ RunTime:-0.011372s ]
INFO: [ view_template ] --END-- [ RunTime:-0.005232s ]
INFO: Run ParseTemplate Behavior [ RunTime:-0.011372s ]
INFO: [ view_parse ] --END-- [ RunTime:0.021701s ]
INFO: [ view_filter ] --START--
INFO: Run ContentReplace Behavior [ RunTime:-0.027982s ]
INFO: Run TokenBuild Behavior [ RunTime:-0.028733s ]
INFO: Run WriteHtmlCache Behavior [ RunTime:-0.029985s ]
INFO: Run ShowRuntime Behavior [ RunTime:-0.031173s ]
INFO: [ view_filter ] --END-- [ RunTime:0.004520s ]
INFO: [ view_end ] --START--
INFO: Run ShowPageTrace Behavior [ RunTime:-0.032614s ]
INFO: [ view_end ] --END-- [ RunTime:0.001325s ]

