[ 2015-03-16T15:12:50+08:00 ] 192.168.22.238 /install.php
INFO: [ app_begin ] --START--
INFO: Run ReadHtmlCache Behavior [ RunTime:0.000360s ]
INFO: [ app_begin ] --END-- [ RunTime:0.000400s ]
INFO: [ view_template ] --START--
INFO: Run LocationTemplate Behavior [ RunTime:-0.001068s ]
INFO: [ view_template ] --END-- [ RunTime:0.000222s ]
INFO: [ view_parse ] --START--
INFO: [ view_template ] --START--
INFO: Run LocationTemplate Behavior [ RunTime:-0.003127s ]
INFO: [ view_template ] --END-- [ RunTime:-0.001834s ]
INFO: [ view_template ] --START--
INFO: Run LocationTemplate Behavior [ RunTime:-0.003240s ]
INFO: [ view_template ] --END-- [ RunTime:-0.001954s ]
NOTIC: [8192] preg_replace(): The /e modifier is deprecated, use preg_replace_callback instead /var/www/html/myproject/shop/_core/Lib/Template/ThinkTemplate.class.php 第 155 行.
NOTIC: [8192] preg_replace(): The /e modifier is deprecated, use preg_replace_callback instead /var/www/html/myproject/shop/_core/Lib/Template/ThinkTemplate.class.php 第 350 行.
NOTIC: [8192] preg_replace(): The /e modifier is deprecated, use preg_replace_callback instead /var/www/html/myproject/shop/_core/Lib/Template/ThinkTemplate.class.php 第 350 行.
NOTIC: [8192] preg_replace(): The /e modifier is deprecated, use preg_replace_callback instead /var/www/html/myproject/shop/_core/Lib/Template/ThinkTemplate.class.php 第 350 行.
NOTIC: [8192] preg_replace(): The /e modifier is deprecated, use preg_replace_callback instead /var/www/html/myproject/shop/_core/Lib/Template/ThinkTemplate.class.php 第 350 行.
NOTIC: [8192] preg_replace(): The /e modifier is deprecated, use preg_replace_callback instead /var/www/html/myproject/shop/_core/Lib/Template/ThinkTemplate.class.php 第 350 行.
NOTIC: [8192] preg_replace(): The /e modifier is deprecated, use preg_replace_callback instead /var/www/html/myproject/shop/_core/Lib/Template/ThinkTemplate.class.php 第 350 行.
NOTIC: [8192] preg_replace(): The /e modifier is deprecated, use preg_replace_callback instead /var/www/html/myproject/shop/_core/Lib/Template/ThinkTemplate.class.php 第 350 行.
NOTIC: [8192] preg_replace(): The /e modifier is deprecated, use preg_replace_callback instead /var/www/html/myproject/shop/_core/Lib/Template/ThinkTemplate.class.php 第 350 行.
NOTIC: [8192] preg_replace(): The /e modifier is deprecated, use preg_replace_callback instead /var/www/html/myproject/shop/_core/Lib/Template/ThinkTemplate.class.php 第 350 行.
NOTIC: [8192] preg_replace(): The /e modifier is deprecated, use preg_replace_callback instead /var/www/html/myproject/shop/_core/Lib/Template/ThinkTemplate.class.php 第 350 行.
NOTIC: [8192] preg_replace(): The /e modifier is deprecated, use preg_replace_callback instead /var/www/html/myproject/shop/_core/Lib/Template/ThinkTemplate.class.php 第 350 行.
NOTIC: [8192] preg_replace(): The /e modifier is deprecated, use preg_replace_callback instead /var/www/html/myproject/shop/_core/Lib/Template/ThinkTemplate.class.php 第 350 行.
NOTIC: [8192] preg_replace(): The /e modifier is deprecated, use preg_replace_callback instead /var/www/html/myproject/shop/_core/Lib/Template/ThinkTemplate.class.php 第 345 行.
NOTIC: [8192] preg_replace(): The /e modifier is deprecated, use preg_replace_callback instead /var/www/html/myproject/shop/_core/Lib/Template/ThinkTemplate.class.php 第 345 行.
NOTIC: [8192] preg_replace(): The /e modifier is deprecated, use preg_replace_callback instead /var/www/html/myproject/shop/_core/Lib/Template/ThinkTemplate.class.php 第 350 行.
NOTIC: [8192] preg_replace(): The /e modifier is deprecated, use preg_replace_callback instead /var/www/html/myproject/shop/_core/Lib/Template/ThinkTemplate.class.php 第 350 行.
NOTIC: [8192] preg_replace(): The /e modifier is deprecated, use preg_replace_callback instead /var/www/html/myproject/shop/_core/Lib/Template/ThinkTemplate.class.php 第 350 行.
NOTIC: [8192] preg_replace(): The /e modifier is deprecated, use preg_replace_callback instead /var/www/html/myproject/shop/_core/Lib/Template/ThinkTemplate.class.php 第 345 行.
NOTIC: [8192] preg_replace(): The /e modifier is deprecated, use preg_replace_callback instead /var/www/html/myproject/shop/_core/Lib/Template/ThinkTemplate.class.php 第 350 行.
NOTIC: [8192] preg_replace(): The /e modifier is deprecated, use preg_replace_callback instead /var/www/html/myproject/shop/_core/Lib/Template/ThinkTemplate.class.php 第 350 行.
NOTIC: [8192] preg_replace(): The /e modifier is deprecated, use preg_replace_callback instead /var/www/html/myproject/shop/_core/Lib/Template/ThinkTemplate.class.php 第 350 行.
NOTIC: [8192] preg_replace(): The /e modifier is deprecated, use preg_replace_callback instead /var/www/html/myproject/shop/_core/Lib/Template/ThinkTemplate.class.php 第 350 行.
NOTIC: [8192] preg_replace(): The /e modifier is deprecated, use preg_replace_callback instead /var/www/html/myproject/shop/_core/Lib/Template/ThinkTemplate.class.php 第 350 行.
NOTIC: [8192] preg_replace(): The /e modifier is deprecated, use preg_replace_callback instead /var/www/html/myproject/shop/_core/Lib/Template/ThinkTemplate.class.php 第 350 行.
NOTIC: [8192] preg_replace(): The /e modifier is deprecated, use preg_replace_callback instead /var/www/html/myproject/shop/_core/Lib/Template/ThinkTemplate.class.php 第 350 行.
NOTIC: [8192] preg_replace(): The /e modifier is deprecated, use preg_replace_callback instead /var/www/html/myproject/shop/_core/Lib/Template/ThinkTemplate.class.php 第 350 行.
NOTIC: [8192] preg_replace(): The /e modifier is deprecated, use preg_replace_callback instead /var/www/html/myproject/shop/_core/Lib/Template/ThinkTemplate.class.php 第 350 行.
NOTIC: [8192] preg_replace(): The /e modifier is deprecated, use preg_replace_callback instead /var/www/html/myproject/shop/_core/Lib/Template/ThinkTemplate.class.php 第 350 行.
NOTIC: [8192] preg_replace(): The /e modifier is deprecated, use preg_replace_callback instead /var/www/html/myproject/shop/_core/Lib/Template/ThinkTemplate.class.php 第 350 行.
NOTIC: [8192] preg_replace(): The /e modifier is deprecated, use preg_replace_callback instead /var/www/html/myproject/shop/_core/Lib/Template/ThinkTemplate.class.php 第 350 行.
NOTIC: [8192] preg_replace(): The /e modifier is deprecated, use preg_replace_callback instead /var/www/html/myproject/shop/_core/Lib/Template/ThinkTemplate.class.php 第 350 行.
NOTIC: [8192] preg_replace(): The /e modifier is deprecated, use preg_replace_callback instead /var/www/html/myproject/shop/_core/Lib/Template/ThinkTemplate.class.php 第 350 行.
NOTIC: [8192] preg_replace(): The /e modifier is deprecated, use preg_replace_callback instead /var/www/html/myproject/shop/_core/Lib/Template/ThinkTemplate.class.php 第 350 行.
NOTIC: [8192] preg_replace(): The /e modifier is deprecated, use preg_replace_callback instead /var/www/html/myproject/shop/_core/Lib/Template/ThinkTemplate.class.php 第 350 行.
NOTIC: [8192] preg_replace(): The /e modifier is deprecated, use preg_replace_callback instead /var/www/html/myproject/shop/_core/Lib/Template/ThinkTemplate.class.php 第 350 行.
NOTIC: [8192] preg_replace(): The /e modifier is deprecated, use preg_replace_callback instead /var/www/html/myproject/shop/_core/Lib/Template/ThinkTemplate.class.php 第 350 行.
NOTIC: [8192] preg_replace(): The /e modifier is deprecated, use preg_replace_callback instead /var/www/html/myproject/shop/_core/Lib/Template/ThinkTemplate.class.php 第 350 行.
NOTIC: [8192] preg_replace(): The /e modifier is deprecated, use preg_replace_callback instead /var/www/html/myproject/shop/_core/Lib/Template/ThinkTemplate.class.php 第 350 行.
NOTIC: [8192] preg_replace(): The /e modifier is deprecated, use preg_replace_callback instead /var/www/html/myproject/shop/_core/Lib/Template/ThinkTemplate.class.php 第 350 行.
NOTIC: [8192] preg_replace(): The /e modifier is deprecated, use preg_replace_callback instead /var/www/html/myproject/shop/_core/Lib/Template/ThinkTemplate.class.php 第 350 行.
NOTIC: [8192] preg_replace(): The /e modifier is deprecated, use preg_replace_callback instead /var/www/html/myproject/shop/_core/Lib/Template/ThinkTemplate.class.php 第 350 行.
NOTIC: [8192] preg_replace(): The /e modifier is deprecated, use preg_replace_callback instead /var/www/html/myproject/shop/_core/Lib/Template/ThinkTemplate.class.php 第 350 行.
NOTIC: [8192] preg_replace(): The /e modifier is deprecated, use preg_replace_callback instead /var/www/html/myproject/shop/_core/Lib/Template/ThinkTemplate.class.php 第 350 行.
NOTIC: [8192] preg_replace(): The /e modifier is deprecated, use preg_replace_callback instead /var/www/html/myproject/shop/_core/Lib/Template/ThinkTemplate.class.php 第 350 行.
NOTIC: [8192] preg_replace(): The /e modifier is deprecated, use preg_replace_callback instead /var/www/html/myproject/shop/_core/Lib/Template/ThinkTemplate.class.php 第 350 行.
NOTIC: [8192] preg_replace(): The /e modifier is deprecated, use preg_replace_callback instead /var/www/html/myproject/shop/_core/Lib/Template/ThinkTemplate.class.php 第 350 行.
NOTIC: [8192] preg_replace(): The /e modifier is deprecated, use preg_replace_callback instead /var/www/html/myproject/shop/_core/Lib/Template/ThinkTemplate.class.php 第 350 行.
NOTIC: [8192] preg_replace(): The /e modifier is deprecated, use preg_replace_callback instead /var/www/html/myproject/shop/_core/Lib/Template/ThinkTemplate.class.php 第 350 行.
NOTIC: [8192] preg_replace(): The /e modifier is deprecated, use preg_replace_callback instead /var/www/html/myproject/shop/_core/Lib/Template/ThinkTemplate.class.php 第 350 行.
NOTIC: [8192] preg_replace(): The /e modifier is deprecated, use preg_replace_callback instead /var/www/html/myproject/shop/_core/Lib/Template/ThinkTemplate.class.php 第 350 行.
NOTIC: [8192] preg_replace(): The /e modifier is deprecated, use preg_replace_callback instead /var/www/html/myproject/shop/_core/Lib/Template/ThinkTemplate.class.php 第 350 行.
NOTIC: [8192] preg_replace(): The /e modifier is deprecated, use preg_replace_callback instead /var/www/html/myproject/shop/_core/Lib/Template/ThinkTemplate.class.php 第 350 行.
NOTIC: [8192] preg_replace(): The /e modifier is deprecated, use preg_replace_callback instead /var/www/html/myproject/shop/_core/Lib/Template/ThinkTemplate.class.php 第 350 行.
NOTIC: [8192] preg_replace(): The /e modifier is deprecated, use preg_replace_callback instead /var/www/html/myproject/shop/_core/Lib/Template/ThinkTemplate.class.php 第 350 行.
NOTIC: [8192] preg_replace(): The /e modifier is deprecated, use preg_replace_callback instead /var/www/html/myproject/shop/_core/Lib/Template/ThinkTemplate.class.php 第 350 行.
NOTIC: [8192] preg_replace(): The /e modifier is deprecated, use preg_replace_callback instead /var/www/html/myproject/shop/_core/Lib/Template/ThinkTemplate.class.php 第 350 行.
NOTIC: [8192] preg_replace(): The /e modifier is deprecated, use preg_replace_callback instead /var/www/html/myproject/shop/_core/Lib/Template/ThinkTemplate.class.php 第 350 行.
NOTIC: [8192] preg_replace(): The /e modifier is deprecated, use preg_replace_callback instead /var/www/html/myproject/shop/_core/Lib/Template/ThinkTemplate.class.php 第 350 行.
NOTIC: [8192] preg_replace(): The /e modifier is deprecated, use preg_replace_callback instead /var/www/html/myproject/shop/_core/Lib/Template/ThinkTemplate.class.php 第 350 行.
NOTIC: [8192] preg_replace(): The /e modifier is deprecated, use preg_replace_callback instead /var/www/html/myproject/shop/_core/Lib/Template/ThinkTemplate.class.php 第 350 行.
NOTIC: [8192] preg_replace(): The /e modifier is deprecated, use preg_replace_callback instead /var/www/html/myproject/shop/_core/Lib/Template/ThinkTemplate.class.php 第 350 行.
NOTIC: [8192] preg_replace(): The /e modifier is deprecated, use preg_replace_callback instead /var/www/html/myproject/shop/_core/Lib/Template/ThinkTemplate.class.php 第 350 行.
NOTIC: [8192] preg_replace(): The /e modifier is deprecated, use preg_replace_callback instead /var/www/html/myproject/shop/_core/Lib/Template/ThinkTemplate.class.php 第 350 行.
NOTIC: [8192] preg_replace(): The /e modifier is deprecated, use preg_replace_callback instead /var/www/html/myproject/shop/_core/Lib/Template/ThinkTemplate.class.php 第 350 行.
NOTIC: [8192] preg_replace(): The /e modifier is deprecated, use preg_replace_callback instead /var/www/html/myproject/shop/_core/Lib/Template/ThinkTemplate.class.php 第 350 行.
NOTIC: [8192] preg_replace(): The /e modifier is deprecated, use preg_replace_callback instead /var/www/html/myproject/shop/_core/Lib/Template/ThinkTemplate.class.php 第 350 行.
NOTIC: [8192] preg_replace(): The /e modifier is deprecated, use preg_replace_callback instead /var/www/html/myproject/shop/_core/Lib/Template/ThinkTemplate.class.php 第 350 行.
NOTIC: [8192] preg_replace(): The /e modifier is deprecated, use preg_replace_callback instead /var/www/html/myproject/shop/_core/Lib/Template/ThinkTemplate.class.php 第 350 行.
NOTIC: [8192] preg_replace(): The /e modifier is deprecated, use preg_replace_callback instead /var/www/html/myproject/shop/_core/Lib/Template/ThinkTemplate.class.php 第 350 行.
NOTIC: [8192] preg_replace(): The /e modifier is deprecated, use preg_replace_callback instead /var/www/html/myproject/shop/_core/Lib/Template/ThinkTemplate.class.php 第 350 行.
NOTIC: [8192] preg_replace(): The /e modifier is deprecated, use preg_replace_callback instead /var/www/html/myproject/shop/_core/Lib/Template/ThinkTemplate.class.php 第 350 行.
NOTIC: [8192] preg_replace(): The /e modifier is deprecated, use preg_replace_callback instead /var/www/html/myproject/shop/_core/Lib/Template/ThinkTemplate.class.php 第 350 行.
NOTIC: [8192] preg_replace(): The /e modifier is deprecated, use preg_replace_callback instead /var/www/html/myproject/shop/_core/Lib/Template/ThinkTemplate.class.php 第 350 行.
NOTIC: [8192] preg_replace(): The /e modifier is deprecated, use preg_replace_callback instead /var/www/html/myproject/shop/_core/Lib/Template/ThinkTemplate.class.php 第 350 行.
NOTIC: [8192] preg_replace(): The /e modifier is deprecated, use preg_replace_callback instead /var/www/html/myproject/shop/_core/Lib/Template/ThinkTemplate.class.php 第 350 行.
NOTIC: [8192] preg_replace(): The /e modifier is deprecated, use preg_replace_callback instead /var/www/html/myproject/shop/_core/Lib/Template/ThinkTemplate.class.php 第 350 行.
NOTIC: [8192] preg_replace(): The /e modifier is deprecated, use preg_replace_callback instead /var/www/html/myproject/shop/_core/Lib/Template/ThinkTemplate.class.php 第 350 行.
NOTIC: [8192] preg_replace(): The /e modifier is deprecated, use preg_replace_callback instead /var/www/html/myproject/shop/_core/Lib/Template/ThinkTemplate.class.php 第 350 行.
NOTIC: [8192] preg_replace(): The /e modifier is deprecated, use preg_replace_callback instead /var/www/html/myproject/shop/_core/Lib/Template/ThinkTemplate.class.php 第 350 行.
NOTIC: [8192] preg_replace(): The /e modifier is deprecated, use preg_replace_callback instead /var/www/html/myproject/shop/_core/Lib/Template/ThinkTemplate.class.php 第 350 行.
NOTIC: [8192] preg_replace(): The /e modifier is deprecated, use preg_replace_callback instead /var/www/html/myproject/shop/_core/Lib/Template/ThinkTemplate.class.php 第 350 行.
NOTIC: [8192] preg_replace(): The /e modifier is deprecated, use preg_replace_callback instead /var/www/html/myproject/shop/_core/Lib/Template/ThinkTemplate.class.php 第 350 行.
NOTIC: [8192] preg_replace(): The /e modifier is deprecated, use preg_replace_callback instead /var/www/html/myproject/shop/_core/Lib/Template/ThinkTemplate.class.php 第 350 行.
NOTIC: [8192] preg_replace(): The /e modifier is deprecated, use preg_replace_callback instead /var/www/html/myproject/shop/_core/Lib/Template/ThinkTemplate.class.php 第 350 行.
NOTIC: [8192] preg_replace(): The /e modifier is deprecated, use preg_replace_callback instead /var/www/html/myproject/shop/_core/Lib/Template/ThinkTemplate.class.php 第 345 行.
NOTIC: [8192] preg_replace(): The /e modifier is deprecated, use preg_replace_callback instead /var/www/html/myproject/shop/_core/Lib/Template/ThinkTemplate.class.php 第 345 行.
NOTIC: [8192] preg_replace(): The /e modifier is deprecated, use preg_replace_callback instead /var/www/html/myproject/shop/_core/Lib/Template/ThinkTemplate.class.php 第 345 行.
NOTIC: [8192] preg_replace(): The /e modifier is deprecated, use preg_replace_callback instead /var/www/html/myproject/shop/_core/Lib/Template/ThinkTemplate.class.php 第 345 行.
NOTIC: [8192] preg_replace(): The /e modifier is deprecated, use preg_replace_callback instead /var/www/html/myproject/shop/_core/Lib/Template/ThinkTemplate.class.php 第 345 行.
NOTIC: [8192] preg_replace(): The /e modifier is deprecated, use preg_replace_callback instead /var/www/html/myproject/shop/_core/Lib/Template/ThinkTemplate.class.php 第 345 行.
NOTIC: [8192] preg_replace(): The /e modifier is deprecated, use preg_replace_callback instead /var/www/html/myproject/shop/_core/Lib/Template/ThinkTemplate.class.php 第 350 行.
NOTIC: [8192] preg_replace(): The /e modifier is deprecated, use preg_replace_callback instead /var/www/html/myproject/shop/_core/Lib/Template/ThinkTemplate.class.php 第 350 行.
NOTIC: [8192] preg_replace(): The /e modifier is deprecated, use preg_replace_callback instead /var/www/html/myproject/shop/_core/Lib/Template/ThinkTemplate.class.php 第 350 行.
NOTIC: [8192] preg_replace(): The /e modifier is deprecated, use preg_replace_callback instead /var/www/html/myproject/shop/_core/Lib/Template/ThinkTemplate.class.php 第 184 行.
NOTIC: [8192] preg_replace(): The /e modifier is deprecated, use preg_replace_callback instead /var/www/html/myproject/shop/_core/Lib/Template/ThinkTemplate.class.php 第 124 行.
INFO: Run ParseTemplate Behavior [ RunTime:-0.003240s ]
INFO: [ view_parse ] --END-- [ RunTime:0.005850s ]
INFO: [ view_filter ] --START--
INFO: Run ContentReplace Behavior [ RunTime:-0.007167s ]
INFO: Run TokenBuild Behavior [ RunTime:-0.007357s ]
INFO: Run WriteHtmlCache Behavior [ RunTime:-0.007545s ]
INFO: Run ShowRuntime Behavior [ RunTime:-0.007674s ]
INFO: [ view_filter ] --END-- [ RunTime:0.000751s ]
INFO: [ view_end ] --START--
INFO: Run ShowPageTrace Behavior [ RunTime:-0.007948s ]
INFO: [ view_end ] --END-- [ RunTime:0.000390s ]

[ 2015-03-16T15:12:54+08:00 ] 192.168.22.238 /install.php?m=index&a=index
INFO: [ app_begin ] --START--
INFO: Run ReadHtmlCache Behavior [ RunTime:0.000036s ]
INFO: [ app_begin ] --END-- [ RunTime:0.000066s ]
INFO: [ view_template ] --START--
INFO: Run LocationTemplate Behavior [ RunTime:-0.000282s ]
INFO: [ view_template ] --END-- [ RunTime:0.000042s ]
INFO: [ view_parse ] --START--
INFO: [ view_template ] --START--
INFO: Run LocationTemplate Behavior [ RunTime:-0.000504s ]
INFO: [ view_template ] --END-- [ RunTime:-0.000181s ]
INFO: [ view_template ] --START--
INFO: Run LocationTemplate Behavior [ RunTime:-0.000587s ]
INFO: [ view_template ] --END-- [ RunTime:-0.000266s ]
NOTIC: [8192] preg_replace(): The /e modifier is deprecated, use preg_replace_callback instead /var/www/html/myproject/shop/_core/Lib/Template/ThinkTemplate.class.php 第 155 行.
NOTIC: [8192] preg_replace(): The /e modifier is deprecated, use preg_replace_callback instead /var/www/html/myproject/shop/_core/Lib/Template/ThinkTemplate.class.php 第 350 行.
NOTIC: [8192] preg_replace(): The /e modifier is deprecated, use preg_replace_callback instead /var/www/html/myproject/shop/_core/Lib/Template/ThinkTemplate.class.php 第 350 行.
NOTIC: [8192] preg_replace(): The /e modifier is deprecated, use preg_replace_callback instead /var/www/html/myproject/shop/_core/Lib/Template/ThinkTemplate.class.php 第 350 行.
NOTIC: [8192] preg_replace(): The /e modifier is deprecated, use preg_replace_callback instead /var/www/html/myproject/shop/_core/Lib/Template/ThinkTemplate.class.php 第 350 行.
NOTIC: [8192] preg_replace(): The /e modifier is deprecated, use preg_replace_callback instead /var/www/html/myproject/shop/_core/Lib/Template/ThinkTemplate.class.php 第 350 行.
NOTIC: [8192] preg_replace(): The /e modifier is deprecated, use preg_replace_callback instead /var/www/html/myproject/shop/_core/Lib/Template/ThinkTemplate.class.php 第 350 行.
NOTIC: [8192] preg_replace(): The /e modifier is deprecated, use preg_replace_callback instead /var/www/html/myproject/shop/_core/Lib/Template/ThinkTemplate.class.php 第 350 行.
NOTIC: [8192] preg_replace(): The /e modifier is deprecated, use preg_replace_callback instead /var/www/html/myproject/shop/_core/Lib/Template/ThinkTemplate.class.php 第 350 行.
NOTIC: [8192] preg_replace(): The /e modifier is deprecated, use preg_replace_callback instead /var/www/html/myproject/shop/_core/Lib/Template/ThinkTemplate.class.php 第 350 行.
NOTIC: [8192] preg_replace(): The /e modifier is deprecated, use preg_replace_callback instead /var/www/html/myproject/shop/_core/Lib/Template/ThinkTemplate.class.php 第 350 行.
NOTIC: [8192] preg_replace(): The /e modifier is deprecated, use preg_replace_callback instead /var/www/html/myproject/shop/_core/Lib/Template/ThinkTemplate.class.php 第 350 行.
NOTIC: [8192] preg_replace(): The /e modifier is deprecated, use preg_replace_callback instead /var/www/html/myproject/shop/_core/Lib/Template/ThinkTemplate.class.php 第 350 行.
NOTIC: [8192] preg_replace(): The /e modifier is deprecated, use preg_replace_callback instead /var/www/html/myproject/shop/_core/Lib/Template/ThinkTemplate.class.php 第 345 行.
NOTIC: [8192] preg_replace(): The /e modifier is deprecated, use preg_replace_callback instead /var/www/html/myproject/shop/_core/Lib/Template/ThinkTemplate.class.php 第 345 行.
NOTIC: [8192] preg_replace(): The /e modifier is deprecated, use preg_replace_callback instead /var/www/html/myproject/shop/_core/Lib/Template/ThinkTemplate.class.php 第 350 行.
NOTIC: [8192] preg_replace(): The /e modifier is deprecated, use preg_replace_callback instead /var/www/html/myproject/shop/_core/Lib/Template/ThinkTemplate.class.php 第 350 行.
NOTIC: [8192] preg_replace(): The /e modifier is deprecated, use preg_replace_callback instead /var/www/html/myproject/shop/_core/Lib/Template/ThinkTemplate.class.php 第 350 行.
NOTIC: [8192] preg_replace(): The /e modifier is deprecated, use preg_replace_callback instead /var/www/html/myproject/shop/_core/Lib/Template/ThinkTemplate.class.php 第 345 行.
NOTIC: [8192] preg_replace(): The /e modifier is deprecated, use preg_replace_callback instead /var/www/html/myproject/shop/_core/Lib/Template/ThinkTemplate.class.php 第 350 行.
NOTIC: [8192] preg_replace(): The /e modifier is deprecated, use preg_replace_callback instead /var/www/html/myproject/shop/_core/Lib/Template/ThinkTemplate.class.php 第 350 行.
NOTIC: [8192] preg_replace(): The /e modifier is deprecated, use preg_replace_callback instead /var/www/html/myproject/shop/_core/Lib/Template/ThinkTemplate.class.php 第 350 行.
NOTIC: [8192] preg_replace(): The /e modifier is deprecated, use preg_replace_callback instead /var/www/html/myproject/shop/_core/Lib/Template/ThinkTemplate.class.php 第 350 行.
NOTIC: [8192] preg_replace(): The /e modifier is deprecated, use preg_replace_callback instead /var/www/html/myproject/shop/_core/Lib/Template/ThinkTemplate.class.php 第 350 行.
NOTIC: [8192] preg_replace(): The /e modifier is deprecated, use preg_replace_callback instead /var/www/html/myproject/shop/_core/Lib/Template/ThinkTemplate.class.php 第 350 行.
NOTIC: [8192] preg_replace(): The /e modifier is deprecated, use preg_replace_callback instead /var/www/html/myproject/shop/_core/Lib/Template/ThinkTemplate.class.php 第 350 行.
NOTIC: [8192] preg_replace(): The /e modifier is deprecated, use preg_replace_callback instead /var/www/html/myproject/shop/_core/Lib/Template/ThinkTemplate.class.php 第 350 行.
NOTIC: [8192] preg_replace(): The /e modifier is deprecated, use preg_replace_callback instead /var/www/html/myproject/shop/_core/Lib/Template/ThinkTemplate.class.php 第 350 行.
NOTIC: [8192] preg_replace(): The /e modifier is deprecated, use preg_replace_callback instead /var/www/html/myproject/shop/_core/Lib/Template/ThinkTemplate.class.php 第 350 行.
NOTIC: [8192] preg_replace(): The /e modifier is deprecated, use preg_replace_callback instead /var/www/html/myproject/shop/_core/Lib/Template/ThinkTemplate.class.php 第 350 行.
NOTIC: [8192] preg_replace(): The /e modifier is deprecated, use preg_replace_callback instead /var/www/html/myproject/shop/_core/Lib/Template/ThinkTemplate.class.php 第 350 行.
NOTIC: [8192] preg_replace(): The /e modifier is deprecated, use preg_replace_callback instead /var/www/html/myproject/shop/_core/Lib/Template/ThinkTemplate.class.php 第 350 行.
NOTIC: [8192] preg_replace(): The /e modifier is deprecated, use preg_replace_callback instead /var/www/html/myproject/shop/_core/Lib/Template/ThinkTemplate.class.php 第 350 行.
NOTIC: [8192] preg_replace(): The /e modifier is deprecated, use preg_replace_callback instead /var/www/html/myproject/shop/_core/Lib/Template/ThinkTemplate.class.php 第 350 行.
NOTIC: [8192] preg_replace(): The /e modifier is deprecated, use preg_replace_callback instead /var/www/html/myproject/shop/_core/Lib/Template/ThinkTemplate.class.php 第 350 行.
NOTIC: [8192] preg_replace(): The /e modifier is deprecated, use preg_replace_callback instead /var/www/html/myproject/shop/_core/Lib/Template/ThinkTemplate.class.php 第 350 行.
NOTIC: [8192] preg_replace(): The /e modifier is deprecated, use preg_replace_callback instead /var/www/html/myproject/shop/_core/Lib/Template/ThinkTemplate.class.php 第 350 行.
NOTIC: [8192] preg_replace(): The /e modifier is deprecated, use preg_replace_callback instead /var/www/html/myproject/shop/_core/Lib/Template/ThinkTemplate.class.php 第 350 行.
NOTIC: [8192] preg_replace(): The /e modifier is deprecated, use preg_replace_callback instead /var/www/html/myproject/shop/_core/Lib/Template/ThinkTemplate.class.php 第 350 行.
NOTIC: [8192] preg_replace(): The /e modifier is deprecated, use preg_replace_callback instead /var/www/html/myproject/shop/_core/Lib/Template/ThinkTemplate.class.php 第 350 行.
NOTIC: [8192] preg_replace(): The /e modifier is deprecated, use preg_replace_callback instead /var/www/html/myproject/shop/_core/Lib/Template/ThinkTemplate.class.php 第 350 行.
NOTIC: [8192] preg_replace(): The /e modifier is deprecated, use preg_replace_callback instead /var/www/html/myproject/shop/_core/Lib/Template/ThinkTemplate.class.php 第 350 行.
NOTIC: [8192] preg_replace(): The /e modifier is deprecated, use preg_replace_callback instead /var/www/html/myproject/shop/_core/Lib/Template/ThinkTemplate.class.php 第 350 行.
NOTIC: [8192] preg_replace(): The /e modifier is deprecated, use preg_replace_callback instead /var/www/html/myproject/shop/_core/Lib/Template/ThinkTemplate.class.php 第 350 行.
NOTIC: [8192] preg_replace(): The /e modifier is deprecated, use preg_replace_callback instead /var/www/html/myproject/shop/_core/Lib/Template/ThinkTemplate.class.php 第 350 行.
NOTIC: [8192] preg_replace(): The /e modifier is deprecated, use preg_replace_callback instead /var/www/html/myproject/shop/_core/Lib/Template/ThinkTemplate.class.php 第 350 行.
NOTIC: [8192] preg_replace(): The /e modifier is deprecated, use preg_replace_callback instead /var/www/html/myproject/shop/_core/Lib/Template/ThinkTemplate.class.php 第 350 行.
NOTIC: [8192] preg_replace(): The /e modifier is deprecated, use preg_replace_callback instead /var/www/html/myproject/shop/_core/Lib/Template/ThinkTemplate.class.php 第 350 行.
NOTIC: [8192] preg_replace(): The /e modifier is deprecated, use preg_replace_callback instead /var/www/html/myproject/shop/_core/Lib/Template/ThinkTemplate.class.php 第 350 行.
NOTIC: [8192] preg_replace(): The /e modifier is deprecated, use preg_replace_callback instead /var/www/html/myproject/shop/_core/Lib/Template/ThinkTemplate.class.php 第 350 行.
NOTIC: [8192] preg_replace(): The /e modifier is deprecated, use preg_replace_callback instead /var/www/html/myproject/shop/_core/Lib/Template/ThinkTemplate.class.php 第 350 行.
NOTIC: [8192] preg_replace(): The /e modifier is deprecated, use preg_replace_callback instead /var/www/html/myproject/shop/_core/Lib/Template/ThinkTemplate.class.php 第 350 行.
NOTIC: [8192] preg_replace(): The /e modifier is deprecated, use preg_replace_callback instead /var/www/html/myproject/shop/_core/Lib/Template/ThinkTemplate.class.php 第 350 行.
NOTIC: [8192] preg_replace(): The /e modifier is deprecated, use preg_replace_callback instead /var/www/html/myproject/shop/_core/Lib/Template/ThinkTemplate.class.php 第 350 行.
NOTIC: [8192] preg_replace(): The /e modifier is deprecated, use preg_replace_callback instead /var/www/html/myproject/shop/_core/Lib/Template/ThinkTemplate.class.php 第 350 行.
NOTIC: [8192] preg_replace(): The /e modifier is deprecated, use preg_replace_callback instead /var/www/html/myproject/shop/_core/Lib/Template/ThinkTemplate.class.php 第 350 行.
NOTIC: [8192] preg_replace(): The /e modifier is deprecated, use preg_replace_callback instead /var/www/html/myproject/shop/_core/Lib/Template/ThinkTemplate.class.php 第 350 行.
NOTIC: [8192] preg_replace(): The /e modifier is deprecated, use preg_replace_callback instead /var/www/html/myproject/shop/_core/Lib/Template/ThinkTemplate.class.php 第 350 行.
NOTIC: [8192] preg_replace(): The /e modifier is deprecated, use preg_replace_callback instead /var/www/html/myproject/shop/_core/Lib/Template/ThinkTemplate.class.php 第 350 行.
NOTIC: [8192] preg_replace(): The /e modifier is deprecated, use preg_replace_callback instead /var/www/html/myproject/shop/_core/Lib/Template/ThinkTemplate.class.php 第 350 行.
NOTIC: [8192] preg_replace(): The /e modifier is deprecated, use preg_replace_callback instead /var/www/html/myproject/shop/_core/Lib/Template/ThinkTemplate.class.php 第 350 行.
NOTIC: [8192] preg_replace(): The /e modifier is deprecated, use preg_replace_callback instead /var/www/html/myproject/shop/_core/Lib/Template/ThinkTemplate.class.php 第 350 行.
NOTIC: [8192] preg_replace(): The /e modifier is deprecated, use preg_replace_callback instead /var/www/html/myproject/shop/_core/Lib/Template/ThinkTemplate.class.php 第 350 行.
NOTIC: [8192] preg_replace(): The /e modifier is deprecated, use preg_replace_callback instead /var/www/html/myproject/shop/_core/Lib/Template/ThinkTemplate.class.php 第 350 行.
NOTIC: [8192] preg_replace(): The /e modifier is deprecated, use preg_replace_callback instead /var/www/html/myproject/shop/_core/Lib/Template/ThinkTemplate.class.php 第 350 行.
NOTIC: [8192] preg_replace(): The /e modifier is deprecated, use preg_replace_callback instead /var/www/html/myproject/shop/_core/Lib/Template/ThinkTemplate.class.php 第 350 行.
NOTIC: [8192] preg_replace(): The /e modifier is deprecated, use preg_replace_callback instead /var/www/html/myproject/shop/_core/Lib/Template/ThinkTemplate.class.php 第 350 行.
NOTIC: [8192] preg_replace(): The /e modifier is deprecated, use preg_replace_callback instead /var/www/html/myproject/shop/_core/Lib/Template/ThinkTemplate.class.php 第 350 行.
NOTIC: [8192] preg_replace(): The /e modifier is deprecated, use preg_replace_callback instead /var/www/html/myproject/shop/_core/Lib/Template/ThinkTemplate.class.php 第 350 行.
NOTIC: [8192] preg_replace(): The /e modifier is deprecated, use preg_replace_callback instead /var/www/html/myproject/shop/_core/Lib/Template/ThinkTemplate.class.php 第 350 行.
NOTIC: [8192] preg_replace(): The /e modifier is deprecated, use preg_replace_callback instead /var/www/html/myproject/shop/_core/Lib/Template/ThinkTemplate.class.php 第 350 行.
NOTIC: [8192] preg_replace(): The /e modifier is deprecated, use preg_replace_callback instead /var/www/html/myproject/shop/_core/Lib/Template/ThinkTemplate.class.php 第 350 行.
NOTIC: [8192] preg_replace(): The /e modifier is deprecated, use preg_replace_callback instead /var/www/html/myproject/shop/_core/Lib/Template/ThinkTemplate.class.php 第 350 行.
NOTIC: [8192] preg_replace(): The /e modifier is deprecated, use preg_replace_callback instead /var/www/html/myproject/shop/_core/Lib/Template/ThinkTemplate.class.php 第 350 行.
NOTIC: [8192] preg_replace(): The /e modifier is deprecated, use preg_replace_callback instead /var/www/html/myproject/shop/_core/Lib/Template/ThinkTemplate.class.php 第 350 行.
NOTIC: [8192] preg_replace(): The /e modifier is deprecated, use preg_replace_callback instead /var/www/html/myproject/shop/_core/Lib/Template/ThinkTemplate.class.php 第 350 行.
NOTIC: [8192] preg_replace(): The /e modifier is deprecated, use preg_replace_callback instead /var/www/html/myproject/shop/_core/Lib/Template/ThinkTemplate.class.php 第 350 行.
NOTIC: [8192] preg_replace(): The /e modifier is deprecated, use preg_replace_callback instead /var/www/html/myproject/shop/_core/Lib/Template/ThinkTemplate.class.php 第 350 行.
NOTIC: [8192] preg_replace(): The /e modifier is deprecated, use preg_replace_callback instead /var/www/html/myproject/shop/_core/Lib/Template/ThinkTemplate.class.php 第 350 行.
NOTIC: [8192] preg_replace(): The /e modifier is deprecated, use preg_replace_callback instead /var/www/html/myproject/shop/_core/Lib/Template/ThinkTemplate.class.php 第 350 行.
NOTIC: [8192] preg_replace(): The /e modifier is deprecated, use preg_replace_callback instead /var/www/html/myproject/shop/_core/Lib/Template/ThinkTemplate.class.php 第 350 行.
NOTIC: [8192] preg_replace(): The /e modifier is deprecated, use preg_replace_callback instead /var/www/html/myproject/shop/_core/Lib/Template/ThinkTemplate.class.php 第 350 行.
NOTIC: [8192] preg_replace(): The /e modifier is deprecated, use preg_replace_callback instead /var/www/html/myproject/shop/_core/Lib/Template/ThinkTemplate.class.php 第 350 行.
NOTIC: [8192] preg_replace(): The /e modifier is deprecated, use preg_replace_callback instead /var/www/html/myproject/shop/_core/Lib/Template/ThinkTemplate.class.php 第 350 行.
NOTIC: [8192] preg_replace(): The /e modifier is deprecated, use preg_replace_callback instead /var/www/html/myproject/shop/_core/Lib/Template/ThinkTemplate.class.php 第 350 行.
NOTIC: [8192] preg_replace(): The /e modifier is deprecated, use preg_replace_callback instead /var/www/html/myproject/shop/_core/Lib/Template/ThinkTemplate.class.php 第 345 行.
NOTIC: [8192] preg_replace(): The /e modifier is deprecated, use preg_replace_callback instead /var/www/html/myproject/shop/_core/Lib/Template/ThinkTemplate.class.php 第 345 行.
NOTIC: [8192] preg_replace(): The /e modifier is deprecated, use preg_replace_callback instead /var/www/html/myproject/shop/_core/Lib/Template/ThinkTemplate.class.php 第 345 行.
NOTIC: [8192] preg_replace(): The /e modifier is deprecated, use preg_replace_callback instead /var/www/html/myproject/shop/_core/Lib/Template/ThinkTemplate.class.php 第 345 行.
NOTIC: [8192] preg_replace(): The /e modifier is deprecated, use preg_replace_callback instead /var/www/html/myproject/shop/_core/Lib/Template/ThinkTemplate.class.php 第 345 行.
NOTIC: [8192] preg_replace(): The /e modifier is deprecated, use preg_replace_callback instead /var/www/html/myproject/shop/_core/Lib/Template/ThinkTemplate.class.php 第 345 行.
NOTIC: [8192] preg_replace(): The /e modifier is deprecated, use preg_replace_callback instead /var/www/html/myproject/shop/_core/Lib/Template/ThinkTemplate.class.php 第 350 行.
NOTIC: [8192] preg_replace(): The /e modifier is deprecated, use preg_replace_callback instead /var/www/html/myproject/shop/_core/Lib/Template/ThinkTemplate.class.php 第 350 行.
NOTIC: [8192] preg_replace(): The /e modifier is deprecated, use preg_replace_callback instead /var/www/html/myproject/shop/_core/Lib/Template/ThinkTemplate.class.php 第 350 行.
NOTIC: [8192] preg_replace(): The /e modifier is deprecated, use preg_replace_callback instead /var/www/html/myproject/shop/_core/Lib/Template/ThinkTemplate.class.php 第 184 行.
NOTIC: [8192] preg_replace(): The /e modifier is deprecated, use preg_replace_callback instead /var/www/html/myproject/shop/_core/Lib/Template/ThinkTemplate.class.php 第 124 行.
INFO: Run ParseTemplate Behavior [ RunTime:-0.000587s ]
INFO: [ view_parse ] --END-- [ RunTime:0.002339s ]
INFO: [ view_filter ] --START--
INFO: Run ContentReplace Behavior [ RunTime:-0.002712s ]
INFO: Run TokenBuild Behavior [ RunTime:-0.002791s ]
INFO: Run WriteHtmlCache Behavior [ RunTime:-0.002826s ]
INFO: Run ShowRuntime Behavior [ RunTime:-0.002848s ]
INFO: [ view_filter ] --END-- [ RunTime:0.000179s ]
INFO: [ view_end ] --START--
INFO: Run ShowPageTrace Behavior [ RunTime:-0.002916s ]
INFO: [ view_end ] --END-- [ RunTime:0.000038s ]

[ 2015-03-16T15:12:57+08:00 ] 192.168.22.238 /install.php?m=index&a=setconf
INFO: [ app_begin ] --START--
INFO: Run ReadHtmlCache Behavior [ RunTime:0.000039s ]
INFO: [ app_begin ] --END-- [ RunTime:0.000074s ]
INFO: [ view_template ] --START--
INFO: Run LocationTemplate Behavior [ RunTime:-0.000278s ]
INFO: [ view_template ] --END-- [ RunTime:0.000050s ]
INFO: [ view_parse ] --START--
INFO: [ view_template ] --START--
INFO: Run LocationTemplate Behavior [ RunTime:-0.000612s ]
INFO: [ view_template ] --END-- [ RunTime:-0.000286s ]
INFO: [ view_template ] --START--
INFO: Run LocationTemplate Behavior [ RunTime:-0.000707s ]
INFO: [ view_template ] --END-- [ RunTime:-0.000382s ]
NOTIC: [8192] preg_replace(): The /e modifier is deprecated, use preg_replace_callback instead /var/www/html/myproject/shop/_core/Lib/Template/ThinkTemplate.class.php 第 155 行.
NOTIC: [8192] preg_replace(): The /e modifier is deprecated, use preg_replace_callback instead /var/www/html/myproject/shop/_core/Lib/Template/ThinkTemplate.class.php 第 350 行.
NOTIC: [8192] preg_replace(): The /e modifier is deprecated, use preg_replace_callback instead /var/www/html/myproject/shop/_core/Lib/Template/ThinkTemplate.class.php 第 350 行.
NOTIC: [8192] preg_replace(): The /e modifier is deprecated, use preg_replace_callback instead /var/www/html/myproject/shop/_core/Lib/Template/ThinkTemplate.class.php 第 350 行.
NOTIC: [8192] preg_replace(): The /e modifier is deprecated, use preg_replace_callback instead /var/www/html/myproject/shop/_core/Lib/Template/ThinkTemplate.class.php 第 350 行.
NOTIC: [8192] preg_replace(): The /e modifier is deprecated, use preg_replace_callback instead /var/www/html/myproject/shop/_core/Lib/Template/ThinkTemplate.class.php 第 350 行.
NOTIC: [8192] preg_replace(): The /e modifier is deprecated, use preg_replace_callback instead /var/www/html/myproject/shop/_core/Lib/Template/ThinkTemplate.class.php 第 350 行.
NOTIC: [8192] preg_replace(): The /e modifier is deprecated, use preg_replace_callback instead /var/www/html/myproject/shop/_core/Lib/Template/ThinkTemplate.class.php 第 350 行.
NOTIC: [8192] preg_replace(): The /e modifier is deprecated, use preg_replace_callback instead /var/www/html/myproject/shop/_core/Lib/Template/ThinkTemplate.class.php 第 350 行.
NOTIC: [8192] preg_replace(): The /e modifier is deprecated, use preg_replace_callback instead /var/www/html/myproject/shop/_core/Lib/Template/ThinkTemplate.class.php 第 350 行.
NOTIC: [8192] preg_replace(): The /e modifier is deprecated, use preg_replace_callback instead /var/www/html/myproject/shop/_core/Lib/Template/ThinkTemplate.class.php 第 350 行.
NOTIC: [8192] preg_replace(): The /e modifier is deprecated, use preg_replace_callback instead /var/www/html/myproject/shop/_core/Lib/Template/ThinkTemplate.class.php 第 350 行.
NOTIC: [8192] preg_replace(): The /e modifier is deprecated, use preg_replace_callback instead /var/www/html/myproject/shop/_core/Lib/Template/ThinkTemplate.class.php 第 350 行.
NOTIC: [8192] preg_replace(): The /e modifier is deprecated, use preg_replace_callback instead /var/www/html/myproject/shop/_core/Lib/Template/ThinkTemplate.class.php 第 345 行.
NOTIC: [8192] preg_replace(): The /e modifier is deprecated, use preg_replace_callback instead /var/www/html/myproject/shop/_core/Lib/Template/ThinkTemplate.class.php 第 345 行.
NOTIC: [8192] preg_replace(): The /e modifier is deprecated, use preg_replace_callback instead /var/www/html/myproject/shop/_core/Lib/Template/ThinkTemplate.class.php 第 350 行.
NOTIC: [8192] preg_replace(): The /e modifier is deprecated, use preg_replace_callback instead /var/www/html/myproject/shop/_core/Lib/Template/ThinkTemplate.class.php 第 350 行.
NOTIC: [8192] preg_replace(): The /e modifier is deprecated, use preg_replace_callback instead /var/www/html/myproject/shop/_core/Lib/Template/ThinkTemplate.class.php 第 350 行.
NOTIC: [8192] preg_replace(): The /e modifier is deprecated, use preg_replace_callback instead /var/www/html/myproject/shop/_core/Lib/Template/ThinkTemplate.class.php 第 345 行.
NOTIC: [8192] preg_replace(): The /e modifier is deprecated, use preg_replace_callback instead /var/www/html/myproject/shop/_core/Lib/Template/ThinkTemplate.class.php 第 350 行.
NOTIC: [8192] preg_replace(): The /e modifier is deprecated, use preg_replace_callback instead /var/www/html/myproject/shop/_core/Lib/Template/ThinkTemplate.class.php 第 350 行.
NOTIC: [8192] preg_replace(): The /e modifier is deprecated, use preg_replace_callback instead /var/www/html/myproject/shop/_core/Lib/Template/ThinkTemplate.class.php 第 350 行.
NOTIC: [8192] preg_replace(): The /e modifier is deprecated, use preg_replace_callback instead /var/www/html/myproject/shop/_core/Lib/Template/ThinkTemplate.class.php 第 350 行.
NOTIC: [8192] preg_replace(): The /e modifier is deprecated, use preg_replace_callback instead /var/www/html/myproject/shop/_core/Lib/Template/ThinkTemplate.class.php 第 350 行.
NOTIC: [8192] preg_replace(): The /e modifier is deprecated, use preg_replace_callback instead /var/www/html/myproject/shop/_core/Lib/Template/ThinkTemplate.class.php 第 350 行.
NOTIC: [8192] preg_replace(): The /e modifier is deprecated, use preg_replace_callback instead /var/www/html/myproject/shop/_core/Lib/Template/ThinkTemplate.class.php 第 350 行.
NOTIC: [8192] preg_replace(): The /e modifier is deprecated, use preg_replace_callback instead /var/www/html/myproject/shop/_core/Lib/Template/ThinkTemplate.class.php 第 350 行.
NOTIC: [8192] preg_replace(): The /e modifier is deprecated, use preg_replace_callback instead /var/www/html/myproject/shop/_core/Lib/Template/ThinkTemplate.class.php 第 350 行.
NOTIC: [8192] preg_replace(): The /e modifier is deprecated, use preg_replace_callback instead /var/www/html/myproject/shop/_core/Lib/Template/ThinkTemplate.class.php 第 350 行.
NOTIC: [8192] preg_replace(): The /e modifier is deprecated, use preg_replace_callback instead /var/www/html/myproject/shop/_core/Lib/Template/ThinkTemplate.class.php 第 350 行.
NOTIC: [8192] preg_replace(): The /e modifier is deprecated, use preg_replace_callback instead /var/www/html/myproject/shop/_core/Lib/Template/ThinkTemplate.class.php 第 350 行.
NOTIC: [8192] preg_replace(): The /e modifier is deprecated, use preg_replace_callback instead /var/www/html/myproject/shop/_core/Lib/Template/ThinkTemplate.class.php 第 350 行.
NOTIC: [8192] preg_replace(): The /e modifier is deprecated, use preg_replace_callback instead /var/www/html/myproject/shop/_core/Lib/Template/ThinkTemplate.class.php 第 350 行.
NOTIC: [8192] preg_replace(): The /e modifier is deprecated, use preg_replace_callback instead /var/www/html/myproject/shop/_core/Lib/Template/ThinkTemplate.class.php 第 350 行.
NOTIC: [8192] preg_replace(): The /e modifier is deprecated, use preg_replace_callback instead /var/www/html/myproject/shop/_core/Lib/Template/ThinkTemplate.class.php 第 350 行.
NOTIC: [8192] preg_replace(): The /e modifier is deprecated, use preg_replace_callback instead /var/www/html/myproject/shop/_core/Lib/Template/ThinkTemplate.class.php 第 350 行.
NOTIC: [8192] preg_replace(): The /e modifier is deprecated, use preg_replace_callback instead /var/www/html/myproject/shop/_core/Lib/Template/ThinkTemplate.class.php 第 350 行.
NOTIC: [8192] preg_replace(): The /e modifier is deprecated, use preg_replace_callback instead /var/www/html/myproject/shop/_core/Lib/Template/ThinkTemplate.class.php 第 350 行.
NOTIC: [8192] preg_replace(): The /e modifier is deprecated, use preg_replace_callback instead /var/www/html/myproject/shop/_core/Lib/Template/ThinkTemplate.class.php 第 350 行.
NOTIC: [8192] preg_replace(): The /e modifier is deprecated, use preg_replace_callback instead /var/www/html/myproject/shop/_core/Lib/Template/ThinkTemplate.class.php 第 350 行.
NOTIC: [8192] preg_replace(): The /e modifier is deprecated, use preg_replace_callback instead /var/www/html/myproject/shop/_core/Lib/Template/ThinkTemplate.class.php 第 350 行.
NOTIC: [8192] preg_replace(): The /e modifier is deprecated, use preg_replace_callback instead /var/www/html/myproject/shop/_core/Lib/Template/ThinkTemplate.class.php 第 350 行.
NOTIC: [8192] preg_replace(): The /e modifier is deprecated, use preg_replace_callback instead /var/www/html/myproject/shop/_core/Lib/Template/ThinkTemplate.class.php 第 350 行.
NOTIC: [8192] preg_replace(): The /e modifier is deprecated, use preg_replace_callback instead /var/www/html/myproject/shop/_core/Lib/Template/ThinkTemplate.class.php 第 350 行.
NOTIC: [8192] preg_replace(): The /e modifier is deprecated, use preg_replace_callback instead /var/www/html/myproject/shop/_core/Lib/Template/ThinkTemplate.class.php 第 350 行.
NOTIC: [8192] preg_replace(): The /e modifier is deprecated, use preg_replace_callback instead /var/www/html/myproject/shop/_core/Lib/Template/ThinkTemplate.class.php 第 350 行.
NOTIC: [8192] preg_replace(): The /e modifier is deprecated, use preg_replace_callback instead /var/www/html/myproject/shop/_core/Lib/Template/ThinkTemplate.class.php 第 350 行.
NOTIC: [8192] preg_replace(): The /e modifier is deprecated, use preg_replace_callback instead /var/www/html/myproject/shop/_core/Lib/Template/ThinkTemplate.class.php 第 350 行.
NOTIC: [8192] preg_replace(): The /e modifier is deprecated, use preg_replace_callback instead /var/www/html/myproject/shop/_core/Lib/Template/ThinkTemplate.class.php 第 350 行.
NOTIC: [8192] preg_replace(): The /e modifier is deprecated, use preg_replace_callback instead /var/www/html/myproject/shop/_core/Lib/Template/ThinkTemplate.class.php 第 350 行.
NOTIC: [8192] preg_replace(): The /e modifier is deprecated, use preg_replace_callback instead /var/www/html/myproject/shop/_core/Lib/Template/ThinkTemplate.class.php 第 350 行.
NOTIC: [8192] preg_replace(): The /e modifier is deprecated, use preg_replace_callback instead /var/www/html/myproject/shop/_core/Lib/Template/ThinkTemplate.class.php 第 350 行.
NOTIC: [8192] preg_replace(): The /e modifier is deprecated, use preg_replace_callback instead /var/www/html/myproject/shop/_core/Lib/Template/ThinkTemplate.class.php 第 350 行.
NOTIC: [8192] preg_replace(): The /e modifier is deprecated, use preg_replace_callback instead /var/www/html/myproject/shop/_core/Lib/Template/ThinkTemplate.class.php 第 350 行.
NOTIC: [8192] preg_replace(): The /e modifier is deprecated, use preg_replace_callback instead /var/www/html/myproject/shop/_core/Lib/Template/ThinkTemplate.class.php 第 350 行.
NOTIC: [8192] preg_replace(): The /e modifier is deprecated, use preg_replace_callback instead /var/www/html/myproject/shop/_core/Lib/Template/ThinkTemplate.class.php 第 350 行.
NOTIC: [8192] preg_replace(): The /e modifier is deprecated, use preg_replace_callback instead /var/www/html/myproject/shop/_core/Lib/Template/ThinkTemplate.class.php 第 350 行.
NOTIC: [8192] preg_replace(): The /e modifier is deprecated, use preg_replace_callback instead /var/www/html/myproject/shop/_core/Lib/Template/ThinkTemplate.class.php 第 350 行.
NOTIC: [8192] preg_replace(): The /e modifier is deprecated, use preg_replace_callback instead /var/www/html/myproject/shop/_core/Lib/Template/ThinkTemplate.class.php 第 350 行.
NOTIC: [8192] preg_replace(): The /e modifier is deprecated, use preg_replace_callback instead /var/www/html/myproject/shop/_core/Lib/Template/ThinkTemplate.class.php 第 350 行.
NOTIC: [8192] preg_replace(): The /e modifier is deprecated, use preg_replace_callback instead /var/www/html/myproject/shop/_core/Lib/Template/ThinkTemplate.class.php 第 350 行.
NOTIC: [8192] preg_replace(): The /e modifier is deprecated, use preg_replace_callback instead /var/www/html/myproject/shop/_core/Lib/Template/ThinkTemplate.class.php 第 350 行.
NOTIC: [8192] preg_replace(): The /e modifier is deprecated, use preg_replace_callback instead /var/www/html/myproject/shop/_core/Lib/Template/ThinkTemplate.class.php 第 350 行.
NOTIC: [8192] preg_replace(): The /e modifier is deprecated, use preg_replace_callback instead /var/www/html/myproject/shop/_core/Lib/Template/ThinkTemplate.class.php 第 350 行.
NOTIC: [8192] preg_replace(): The /e modifier is deprecated, use preg_replace_callback instead /var/www/html/myproject/shop/_core/Lib/Template/ThinkTemplate.class.php 第 350 行.
NOTIC: [8192] preg_replace(): The /e modifier is deprecated, use preg_replace_callback instead /var/www/html/myproject/shop/_core/Lib/Template/ThinkTemplate.class.php 第 350 行.
NOTIC: [8192] preg_replace(): The /e modifier is deprecated, use preg_replace_callback instead /var/www/html/myproject/shop/_core/Lib/Template/ThinkTemplate.class.php 第 350 行.
NOTIC: [8192] preg_replace(): The /e modifier is deprecated, use preg_replace_callback instead /var/www/html/myproject/shop/_core/Lib/Template/ThinkTemplate.class.php 第 350 行.
NOTIC: [8192] preg_replace(): The /e modifier is deprecated, use preg_replace_callback instead /var/www/html/myproject/shop/_core/Lib/Template/ThinkTemplate.class.php 第 350 行.
NOTIC: [8192] preg_replace(): The /e modifier is deprecated, use preg_replace_callback instead /var/www/html/myproject/shop/_core/Lib/Template/ThinkTemplate.class.php 第 350 行.
NOTIC: [8192] preg_replace(): The /e modifier is deprecated, use preg_replace_callback instead /var/www/html/myproject/shop/_core/Lib/Template/ThinkTemplate.class.php 第 350 行.
NOTIC: [8192] preg_replace(): The /e modifier is deprecated, use preg_replace_callback instead /var/www/html/myproject/shop/_core/Lib/Template/ThinkTemplate.class.php 第 350 行.
NOTIC: [8192] preg_replace(): The /e modifier is deprecated, use preg_replace_callback instead /var/www/html/myproject/shop/_core/Lib/Template/ThinkTemplate.class.php 第 350 行.
NOTIC: [8192] preg_replace(): The /e modifier is deprecated, use preg_replace_callback instead /var/www/html/myproject/shop/_core/Lib/Template/ThinkTemplate.class.php 第 350 行.
NOTIC: [8192] preg_replace(): The /e modifier is deprecated, use preg_replace_callback instead /var/www/html/myproject/shop/_core/Lib/Template/ThinkTemplate.class.php 第 350 行.
NOTIC: [8192] preg_replace(): The /e modifier is deprecated, use preg_replace_callback instead /var/www/html/myproject/shop/_core/Lib/Template/ThinkTemplate.class.php 第 350 行.
NOTIC: [8192] preg_replace(): The /e modifier is deprecated, use preg_replace_callback instead /var/www/html/myproject/shop/_core/Lib/Template/ThinkTemplate.class.php 第 350 行.
NOTIC: [8192] preg_replace(): The /e modifier is deprecated, use preg_replace_callback instead /var/www/html/myproject/shop/_core/Lib/Template/ThinkTemplate.class.php 第 350 行.
NOTIC: [8192] preg_replace(): The /e modifier is deprecated, use preg_replace_callback instead /var/www/html/myproject/shop/_core/Lib/Template/ThinkTemplate.class.php 第 350 行.
NOTIC: [8192] preg_replace(): The /e modifier is deprecated, use preg_replace_callback instead /var/www/html/myproject/shop/_core/Lib/Template/ThinkTemplate.class.php 第 350 行.
NOTIC: [8192] preg_replace(): The /e modifier is deprecated, use preg_replace_callback instead /var/www/html/myproject/shop/_core/Lib/Template/ThinkTemplate.class.php 第 350 行.
NOTIC: [8192] preg_replace(): The /e modifier is deprecated, use preg_replace_callback instead /var/www/html/myproject/shop/_core/Lib/Template/ThinkTemplate.class.php 第 350 行.
NOTIC: [8192] preg_replace(): The /e modifier is deprecated, use preg_replace_callback instead /var/www/html/myproject/shop/_core/Lib/Template/ThinkTemplate.class.php 第 350 行.
NOTIC: [8192] preg_replace(): The /e modifier is deprecated, use preg_replace_callback instead /var/www/html/myproject/shop/_core/Lib/Template/ThinkTemplate.class.php 第 350 行.
NOTIC: [8192] preg_replace(): The /e modifier is deprecated, use preg_replace_callback instead /var/www/html/myproject/shop/_core/Lib/Template/ThinkTemplate.class.php 第 350 行.
NOTIC: [8192] preg_replace(): The /e modifier is deprecated, use preg_replace_callback instead /var/www/html/myproject/shop/_core/Lib/Template/ThinkTemplate.class.php 第 345 行.
NOTIC: [8192] preg_replace(): The /e modifier is deprecated, use preg_replace_callback instead /var/www/html/myproject/shop/_core/Lib/Template/ThinkTemplate.class.php 第 345 行.
NOTIC: [8192] preg_replace(): The /e modifier is deprecated, use preg_replace_callback instead /var/www/html/myproject/shop/_core/Lib/Template/ThinkTemplate.class.php 第 345 行.
NOTIC: [8192] preg_replace(): The /e modifier is deprecated, use preg_replace_callback instead /var/www/html/myproject/shop/_core/Lib/Template/ThinkTemplate.class.php 第 345 行.
NOTIC: [8192] preg_replace(): The /e modifier is deprecated, use preg_replace_callback instead /var/www/html/myproject/shop/_core/Lib/Template/ThinkTemplate.class.php 第 345 行.
NOTIC: [8192] preg_replace(): The /e modifier is deprecated, use preg_replace_callback instead /var/www/html/myproject/shop/_core/Lib/Template/ThinkTemplate.class.php 第 345 行.
NOTIC: [8192] preg_replace(): The /e modifier is deprecated, use preg_replace_callback instead /var/www/html/myproject/shop/_core/Lib/Template/ThinkTemplate.class.php 第 350 行.
NOTIC: [8192] preg_replace(): The /e modifier is deprecated, use preg_replace_callback instead /var/www/html/myproject/shop/_core/Lib/Template/ThinkTemplate.class.php 第 350 行.
NOTIC: [8192] preg_replace(): The /e modifier is deprecated, use preg_replace_callback instead /var/www/html/myproject/shop/_core/Lib/Template/ThinkTemplate.class.php 第 350 行.
NOTIC: [8192] preg_replace(): The /e modifier is deprecated, use preg_replace_callback instead /var/www/html/myproject/shop/_core/Lib/Template/ThinkTemplate.class.php 第 184 行.
NOTIC: [8192] preg_replace(): The /e modifier is deprecated, use preg_replace_callback instead /var/www/html/myproject/shop/_core/Lib/Template/ThinkTemplate.class.php 第 124 行.
INFO: Run ParseTemplate Behavior [ RunTime:-0.000707s ]
INFO: [ view_parse ] --END-- [ RunTime:0.003071s ]
INFO: [ view_filter ] --START--
INFO: Run ContentReplace Behavior [ RunTime:-0.003439s ]
INFO: Run TokenBuild Behavior [ RunTime:-0.003498s ]
INFO: Run WriteHtmlCache Behavior [ RunTime:-0.003533s ]
INFO: Run ShowRuntime Behavior [ RunTime:-0.003555s ]
INFO: [ view_filter ] --END-- [ RunTime:0.000158s ]
INFO: [ view_end ] --START--
INFO: Run ShowPageTrace Behavior [ RunTime:-0.003617s ]
INFO: [ view_end ] --END-- [ RunTime:0.000037s ]

[ 2015-03-16T15:13:21+08:00 ] 192.168.22.238 /install.php?m=index&a=install
INFO: [ app_begin ] --START--
INFO: Run ReadHtmlCache Behavior [ RunTime:0.000037s ]
INFO: [ app_begin ] --END-- [ RunTime:0.000069s ]
INFO: [ view_template ] --START--
INFO: Run LocationTemplate Behavior [ RunTime:-0.000208s ]
INFO: [ view_template ] --END-- [ RunTime:0.000058s ]
INFO: [ view_parse ] --START--
INFO: [ view_template ] --START--
INFO: Run LocationTemplate Behavior [ RunTime:-0.000591s ]
INFO: [ view_template ] --END-- [ RunTime:-0.000322s ]
INFO: [ view_template ] --START--
INFO: Run LocationTemplate Behavior [ RunTime:-0.000699s ]
INFO: [ view_template ] --END-- [ RunTime:-0.000434s ]
NOTIC: [8192] preg_replace(): The /e modifier is deprecated, use preg_replace_callback instead /var/www/html/myproject/shop/_core/Lib/Template/ThinkTemplate.class.php 第 155 行.
NOTIC: [8192] preg_replace(): The /e modifier is deprecated, use preg_replace_callback instead /var/www/html/myproject/shop/_core/Lib/Template/ThinkTemplate.class.php 第 350 行.
NOTIC: [8192] preg_replace(): The /e modifier is deprecated, use preg_replace_callback instead /var/www/html/myproject/shop/_core/Lib/Template/ThinkTemplate.class.php 第 350 行.
NOTIC: [8192] preg_replace(): The /e modifier is deprecated, use preg_replace_callback instead /var/www/html/myproject/shop/_core/Lib/Template/ThinkTemplate.class.php 第 350 行.
NOTIC: [8192] preg_replace(): The /e modifier is deprecated, use preg_replace_callback instead /var/www/html/myproject/shop/_core/Lib/Template/ThinkTemplate.class.php 第 350 行.
NOTIC: [8192] preg_replace(): The /e modifier is deprecated, use preg_replace_callback instead /var/www/html/myproject/shop/_core/Lib/Template/ThinkTemplate.class.php 第 350 行.
NOTIC: [8192] preg_replace(): The /e modifier is deprecated, use preg_replace_callback instead /var/www/html/myproject/shop/_core/Lib/Template/ThinkTemplate.class.php 第 350 行.
NOTIC: [8192] preg_replace(): The /e modifier is deprecated, use preg_replace_callback instead /var/www/html/myproject/shop/_core/Lib/Template/ThinkTemplate.class.php 第 350 行.
NOTIC: [8192] preg_replace(): The /e modifier is deprecated, use preg_replace_callback instead /var/www/html/myproject/shop/_core/Lib/Template/ThinkTemplate.class.php 第 350 行.
NOTIC: [8192] preg_replace(): The /e modifier is deprecated, use preg_replace_callback instead /var/www/html/myproject/shop/_core/Lib/Template/ThinkTemplate.class.php 第 350 行.
NOTIC: [8192] preg_replace(): The /e modifier is deprecated, use preg_replace_callback instead /var/www/html/myproject/shop/_core/Lib/Template/ThinkTemplate.class.php 第 350 行.
NOTIC: [8192] preg_replace(): The /e modifier is deprecated, use preg_replace_callback instead /var/www/html/myproject/shop/_core/Lib/Template/ThinkTemplate.class.php 第 350 行.
NOTIC: [8192] preg_replace(): The /e modifier is deprecated, use preg_replace_callback instead /var/www/html/myproject/shop/_core/Lib/Template/ThinkTemplate.class.php 第 350 行.
NOTIC: [8192] preg_replace(): The /e modifier is deprecated, use preg_replace_callback instead /var/www/html/myproject/shop/_core/Lib/Template/ThinkTemplate.class.php 第 345 行.
NOTIC: [8192] preg_replace(): The /e modifier is deprecated, use preg_replace_callback instead /var/www/html/myproject/shop/_core/Lib/Template/ThinkTemplate.class.php 第 345 行.
NOTIC: [8192] preg_replace(): The /e modifier is deprecated, use preg_replace_callback instead /var/www/html/myproject/shop/_core/Lib/Template/ThinkTemplate.class.php 第 350 行.
NOTIC: [8192] preg_replace(): The /e modifier is deprecated, use preg_replace_callback instead /var/www/html/myproject/shop/_core/Lib/Template/ThinkTemplate.class.php 第 350 行.
NOTIC: [8192] preg_replace(): The /e modifier is deprecated, use preg_replace_callback instead /var/www/html/myproject/shop/_core/Lib/Template/ThinkTemplate.class.php 第 350 行.
NOTIC: [8192] preg_replace(): The /e modifier is deprecated, use preg_replace_callback instead /var/www/html/myproject/shop/_core/Lib/Template/ThinkTemplate.class.php 第 345 行.
NOTIC: [8192] preg_replace(): The /e modifier is deprecated, use preg_replace_callback instead /var/www/html/myproject/shop/_core/Lib/Template/ThinkTemplate.class.php 第 350 行.
NOTIC: [8192] preg_replace(): The /e modifier is deprecated, use preg_replace_callback instead /var/www/html/myproject/shop/_core/Lib/Template/ThinkTemplate.class.php 第 350 行.
NOTIC: [8192] preg_replace(): The /e modifier is deprecated, use preg_replace_callback instead /var/www/html/myproject/shop/_core/Lib/Template/ThinkTemplate.class.php 第 350 行.
NOTIC: [8192] preg_replace(): The /e modifier is deprecated, use preg_replace_callback instead /var/www/html/myproject/shop/_core/Lib/Template/ThinkTemplate.class.php 第 350 行.
NOTIC: [8192] preg_replace(): The /e modifier is deprecated, use preg_replace_callback instead /var/www/html/myproject/shop/_core/Lib/Template/ThinkTemplate.class.php 第 350 行.
NOTIC: [8192] preg_replace(): The /e modifier is deprecated, use preg_replace_callback instead /var/www/html/myproject/shop/_core/Lib/Template/ThinkTemplate.class.php 第 350 行.
NOTIC: [8192] preg_replace(): The /e modifier is deprecated, use preg_replace_callback instead /var/www/html/myproject/shop/_core/Lib/Template/ThinkTemplate.class.php 第 350 行.
NOTIC: [8192] preg_replace(): The /e modifier is deprecated, use preg_replace_callback instead /var/www/html/myproject/shop/_core/Lib/Template/ThinkTemplate.class.php 第 350 行.
NOTIC: [8192] preg_replace(): The /e modifier is deprecated, use preg_replace_callback instead /var/www/html/myproject/shop/_core/Lib/Template/ThinkTemplate.class.php 第 350 行.
NOTIC: [8192] preg_replace(): The /e modifier is deprecated, use preg_replace_callback instead /var/www/html/myproject/shop/_core/Lib/Template/ThinkTemplate.class.php 第 350 行.
NOTIC: [8192] preg_replace(): The /e modifier is deprecated, use preg_replace_callback instead /var/www/html/myproject/shop/_core/Lib/Template/ThinkTemplate.class.php 第 350 行.
NOTIC: [8192] preg_replace(): The /e modifier is deprecated, use preg_replace_callback instead /var/www/html/myproject/shop/_core/Lib/Template/ThinkTemplate.class.php 第 350 行.
NOTIC: [8192] preg_replace(): The /e modifier is deprecated, use preg_replace_callback instead /var/www/html/myproject/shop/_core/Lib/Template/ThinkTemplate.class.php 第 350 行.
NOTIC: [8192] preg_replace(): The /e modifier is deprecated, use preg_replace_callback instead /var/www/html/myproject/shop/_core/Lib/Template/ThinkTemplate.class.php 第 350 行.
NOTIC: [8192] preg_replace(): The /e modifier is deprecated, use preg_replace_callback instead /var/www/html/myproject/shop/_core/Lib/Template/ThinkTemplate.class.php 第 350 行.
NOTIC: [8192] preg_replace(): The /e modifier is deprecated, use preg_replace_callback instead /var/www/html/myproject/shop/_core/Lib/Template/ThinkTemplate.class.php 第 350 行.
NOTIC: [8192] preg_replace(): The /e modifier is deprecated, use preg_replace_callback instead /var/www/html/myproject/shop/_core/Lib/Template/ThinkTemplate.class.php 第 350 行.
NOTIC: [8192] preg_replace(): The /e modifier is deprecated, use preg_replace_callback instead /var/www/html/myproject/shop/_core/Lib/Template/ThinkTemplate.class.php 第 350 行.
NOTIC: [8192] preg_replace(): The /e modifier is deprecated, use preg_replace_callback instead /var/www/html/myproject/shop/_core/Lib/Template/ThinkTemplate.class.php 第 350 行.
NOTIC: [8192] preg_replace(): The /e modifier is deprecated, use preg_replace_callback instead /var/www/html/myproject/shop/_core/Lib/Template/ThinkTemplate.class.php 第 350 行.
NOTIC: [8192] preg_replace(): The /e modifier is deprecated, use preg_replace_callback instead /var/www/html/myproject/shop/_core/Lib/Template/ThinkTemplate.class.php 第 350 行.
NOTIC: [8192] preg_replace(): The /e modifier is deprecated, use preg_replace_callback instead /var/www/html/myproject/shop/_core/Lib/Template/ThinkTemplate.class.php 第 350 行.
NOTIC: [8192] preg_replace(): The /e modifier is deprecated, use preg_replace_callback instead /var/www/html/myproject/shop/_core/Lib/Template/ThinkTemplate.class.php 第 350 行.
NOTIC: [8192] preg_replace(): The /e modifier is deprecated, use preg_replace_callback instead /var/www/html/myproject/shop/_core/Lib/Template/ThinkTemplate.class.php 第 350 行.
NOTIC: [8192] preg_replace(): The /e modifier is deprecated, use preg_replace_callback instead /var/www/html/myproject/shop/_core/Lib/Template/ThinkTemplate.class.php 第 350 行.
NOTIC: [8192] preg_replace(): The /e modifier is deprecated, use preg_replace_callback instead /var/www/html/myproject/shop/_core/Lib/Template/ThinkTemplate.class.php 第 350 行.
NOTIC: [8192] preg_replace(): The /e modifier is deprecated, use preg_replace_callback instead /var/www/html/myproject/shop/_core/Lib/Template/ThinkTemplate.class.php 第 350 行.
NOTIC: [8192] preg_replace(): The /e modifier is deprecated, use preg_replace_callback instead /var/www/html/myproject/shop/_core/Lib/Template/ThinkTemplate.class.php 第 350 行.
NOTIC: [8192] preg_replace(): The /e modifier is deprecated, use preg_replace_callback instead /var/www/html/myproject/shop/_core/Lib/Template/ThinkTemplate.class.php 第 350 行.
NOTIC: [8192] preg_replace(): The /e modifier is deprecated, use preg_replace_callback instead /var/www/html/myproject/shop/_core/Lib/Template/ThinkTemplate.class.php 第 350 行.
NOTIC: [8192] preg_replace(): The /e modifier is deprecated, use preg_replace_callback instead /var/www/html/myproject/shop/_core/Lib/Template/ThinkTemplate.class.php 第 350 行.
NOTIC: [8192] preg_replace(): The /e modifier is deprecated, use preg_replace_callback instead /var/www/html/myproject/shop/_core/Lib/Template/ThinkTemplate.class.php 第 350 行.
NOTIC: [8192] preg_replace(): The /e modifier is deprecated, use preg_replace_callback instead /var/www/html/myproject/shop/_core/Lib/Template/ThinkTemplate.class.php 第 350 行.
NOTIC: [8192] preg_replace(): The /e modifier is deprecated, use preg_replace_callback instead /var/www/html/myproject/shop/_core/Lib/Template/ThinkTemplate.class.php 第 350 行.
NOTIC: [8192] preg_replace(): The /e modifier is deprecated, use preg_replace_callback instead /var/www/html/myproject/shop/_core/Lib/Template/ThinkTemplate.class.php 第 350 行.
NOTIC: [8192] preg_replace(): The /e modifier is deprecated, use preg_replace_callback instead /var/www/html/myproject/shop/_core/Lib/Template/ThinkTemplate.class.php 第 350 行.
NOTIC: [8192] preg_replace(): The /e modifier is deprecated, use preg_replace_callback instead /var/www/html/myproject/shop/_core/Lib/Template/ThinkTemplate.class.php 第 350 行.
NOTIC: [8192] preg_replace(): The /e modifier is deprecated, use preg_replace_callback instead /var/www/html/myproject/shop/_core/Lib/Template/ThinkTemplate.class.php 第 350 行.
NOTIC: [8192] preg_replace(): The /e modifier is deprecated, use preg_replace_callback instead /var/www/html/myproject/shop/_core/Lib/Template/ThinkTemplate.class.php 第 350 行.
NOTIC: [8192] preg_replace(): The /e modifier is deprecated, use preg_replace_callback instead /var/www/html/myproject/shop/_core/Lib/Template/ThinkTemplate.class.php 第 350 行.
NOTIC: [8192] preg_replace(): The /e modifier is deprecated, use preg_replace_callback instead /var/www/html/myproject/shop/_core/Lib/Template/ThinkTemplate.class.php 第 350 行.
NOTIC: [8192] preg_replace(): The /e modifier is deprecated, use preg_replace_callback instead /var/www/html/myproject/shop/_core/Lib/Template/ThinkTemplate.class.php 第 350 行.
NOTIC: [8192] preg_replace(): The /e modifier is deprecated, use preg_replace_callback instead /var/www/html/myproject/shop/_core/Lib/Template/ThinkTemplate.class.php 第 350 行.
NOTIC: [8192] preg_replace(): The /e modifier is deprecated, use preg_replace_callback instead /var/www/html/myproject/shop/_core/Lib/Template/ThinkTemplate.class.php 第 350 行.
NOTIC: [8192] preg_replace(): The /e modifier is deprecated, use preg_replace_callback instead /var/www/html/myproject/shop/_core/Lib/Template/ThinkTemplate.class.php 第 350 行.
NOTIC: [8192] preg_replace(): The /e modifier is deprecated, use preg_replace_callback instead /var/www/html/myproject/shop/_core/Lib/Template/ThinkTemplate.class.php 第 350 行.
NOTIC: [8192] preg_replace(): The /e modifier is deprecated, use preg_replace_callback instead /var/www/html/myproject/shop/_core/Lib/Template/ThinkTemplate.class.php 第 350 行.
NOTIC: [8192] preg_replace(): The /e modifier is deprecated, use preg_replace_callback instead /var/www/html/myproject/shop/_core/Lib/Template/ThinkTemplate.class.php 第 350 行.
NOTIC: [8192] preg_replace(): The /e modifier is deprecated, use preg_replace_callback instead /var/www/html/myproject/shop/_core/Lib/Template/ThinkTemplate.class.php 第 350 行.
NOTIC: [8192] preg_replace(): The /e modifier is deprecated, use preg_replace_callback instead /var/www/html/myproject/shop/_core/Lib/Template/ThinkTemplate.class.php 第 350 行.
NOTIC: [8192] preg_replace(): The /e modifier is deprecated, use preg_replace_callback instead /var/www/html/myproject/shop/_core/Lib/Template/ThinkTemplate.class.php 第 350 行.
NOTIC: [8192] preg_replace(): The /e modifier is deprecated, use preg_replace_callback instead /var/www/html/myproject/shop/_core/Lib/Template/ThinkTemplate.class.php 第 350 行.
NOTIC: [8192] preg_replace(): The /e modifier is deprecated, use preg_replace_callback instead /var/www/html/myproject/shop/_core/Lib/Template/ThinkTemplate.class.php 第 350 行.
NOTIC: [8192] preg_replace(): The /e modifier is deprecated, use preg_replace_callback instead /var/www/html/myproject/shop/_core/Lib/Template/ThinkTemplate.class.php 第 350 行.
NOTIC: [8192] preg_replace(): The /e modifier is deprecated, use preg_replace_callback instead /var/www/html/myproject/shop/_core/Lib/Template/ThinkTemplate.class.php 第 350 行.
NOTIC: [8192] preg_replace(): The /e modifier is deprecated, use preg_replace_callback instead /var/www/html/myproject/shop/_core/Lib/Template/ThinkTemplate.class.php 第 350 行.
NOTIC: [8192] preg_replace(): The /e modifier is deprecated, use preg_replace_callback instead /var/www/html/myproject/shop/_core/Lib/Template/ThinkTemplate.class.php 第 350 行.
NOTIC: [8192] preg_replace(): The /e modifier is deprecated, use preg_replace_callback instead /var/www/html/myproject/shop/_core/Lib/Template/ThinkTemplate.class.php 第 350 行.
NOTIC: [8192] preg_replace(): The /e modifier is deprecated, use preg_replace_callback instead /var/www/html/myproject/shop/_core/Lib/Template/ThinkTemplate.class.php 第 350 行.
NOTIC: [8192] preg_replace(): The /e modifier is deprecated, use preg_replace_callback instead /var/www/html/myproject/shop/_core/Lib/Template/ThinkTemplate.class.php 第 350 行.
NOTIC: [8192] preg_replace(): The /e modifier is deprecated, use preg_replace_callback instead /var/www/html/myproject/shop/_core/Lib/Template/ThinkTemplate.class.php 第 350 行.
NOTIC: [8192] preg_replace(): The /e modifier is deprecated, use preg_replace_callback instead /var/www/html/myproject/shop/_core/Lib/Template/ThinkTemplate.class.php 第 350 行.
NOTIC: [8192] preg_replace(): The /e modifier is deprecated, use preg_replace_callback instead /var/www/html/myproject/shop/_core/Lib/Template/ThinkTemplate.class.php 第 350 行.
NOTIC: [8192] preg_replace(): The /e modifier is deprecated, use preg_replace_callback instead /var/www/html/myproject/shop/_core/Lib/Template/ThinkTemplate.class.php 第 350 行.
NOTIC: [8192] preg_replace(): The /e modifier is deprecated, use preg_replace_callback instead /var/www/html/myproject/shop/_core/Lib/Template/ThinkTemplate.class.php 第 350 行.
NOTIC: [8192] preg_replace(): The /e modifier is deprecated, use preg_replace_callback instead /var/www/html/myproject/shop/_core/Lib/Template/ThinkTemplate.class.php 第 350 行.
NOTIC: [8192] preg_replace(): The /e modifier is deprecated, use preg_replace_callback instead /var/www/html/myproject/shop/_core/Lib/Template/ThinkTemplate.class.php 第 345 行.
NOTIC: [8192] preg_replace(): The /e modifier is deprecated, use preg_replace_callback instead /var/www/html/myproject/shop/_core/Lib/Template/ThinkTemplate.class.php 第 345 行.
NOTIC: [8192] preg_replace(): The /e modifier is deprecated, use preg_replace_callback instead /var/www/html/myproject/shop/_core/Lib/Template/ThinkTemplate.class.php 第 345 行.
NOTIC: [8192] preg_replace(): The /e modifier is deprecated, use preg_replace_callback instead /var/www/html/myproject/shop/_core/Lib/Template/ThinkTemplate.class.php 第 345 行.
NOTIC: [8192] preg_replace(): The /e modifier is deprecated, use preg_replace_callback instead /var/www/html/myproject/shop/_core/Lib/Template/ThinkTemplate.class.php 第 345 行.
NOTIC: [8192] preg_replace(): The /e modifier is deprecated, use preg_replace_callback instead /var/www/html/myproject/shop/_core/Lib/Template/ThinkTemplate.class.php 第 345 行.
NOTIC: [8192] preg_replace(): The /e modifier is deprecated, use preg_replace_callback instead /var/www/html/myproject/shop/_core/Lib/Template/ThinkTemplate.class.php 第 350 行.
NOTIC: [8192] preg_replace(): The /e modifier is deprecated, use preg_replace_callback instead /var/www/html/myproject/shop/_core/Lib/Template/ThinkTemplate.class.php 第 350 行.
NOTIC: [8192] preg_replace(): The /e modifier is deprecated, use preg_replace_callback instead /var/www/html/myproject/shop/_core/Lib/Template/ThinkTemplate.class.php 第 350 行.
NOTIC: [8192] preg_replace(): The /e modifier is deprecated, use preg_replace_callback instead /var/www/html/myproject/shop/_core/Lib/Template/ThinkTemplate.class.php 第 184 行.
NOTIC: [8192] preg_replace(): The /e modifier is deprecated, use preg_replace_callback instead /var/www/html/myproject/shop/_core/Lib/Template/ThinkTemplate.class.php 第 124 行.
INFO: Run ParseTemplate Behavior [ RunTime:-0.000699s ]
INFO: [ view_parse ] --END-- [ RunTime:0.002885s ]
INFO: [ view_filter ] --START--
INFO: Run ContentReplace Behavior [ RunTime:-0.003183s ]
INFO: Run TokenBuild Behavior [ RunTime:-0.003256s ]
INFO: Run WriteHtmlCache Behavior [ RunTime:-0.003299s ]
INFO: Run ShowRuntime Behavior [ RunTime:-0.003331s ]
INFO: [ view_filter ] --END-- [ RunTime:0.000204s ]
INFO: [ view_end ] --START--
INFO: Run ShowPageTrace Behavior [ RunTime:-0.003409s ]
INFO: [ view_end ] --END-- [ RunTime:0.000046s ]

[ 2015-03-16T15:13:24+08:00 ] 192.168.22.238 /install.php?m=index&a=finish_done
INFO: [ app_begin ] --START--
INFO: Run ReadHtmlCache Behavior [ RunTime:0.000035s ]
INFO: [ app_begin ] --END-- [ RunTime:0.000065s ]
NOTIC: [8192] mysql_connect(): The mysql extension is deprecated and will be removed in the future: use mysqli or PDO instead /var/www/html/myproject/shop/install/Lib/Action/indexAction.class.php 第 179 行.

[ 2015-03-16T15:13:27+08:00 ] 192.168.22.238 /install.php?m=index&a=finish
INFO: [ app_begin ] --START--
INFO: Run ReadHtmlCache Behavior [ RunTime:0.000036s ]
INFO: [ app_begin ] --END-- [ RunTime:0.000067s ]
INFO: [ view_template ] --START--
INFO: Run LocationTemplate Behavior [ RunTime:-0.000267s ]
INFO: [ view_template ] --END-- [ RunTime:0.000058s ]
INFO: [ view_parse ] --START--
INFO: [ view_template ] --START--
INFO: Run LocationTemplate Behavior [ RunTime:-0.000568s ]
INFO: [ view_template ] --END-- [ RunTime:-0.000243s ]
INFO: [ view_template ] --START--
INFO: Run LocationTemplate Behavior [ RunTime:-0.000703s ]
INFO: [ view_template ] --END-- [ RunTime:-0.000380s ]
NOTIC: [8192] preg_replace(): The /e modifier is deprecated, use preg_replace_callback instead /var/www/html/myproject/shop/_core/Lib/Template/ThinkTemplate.class.php 第 155 行.
NOTIC: [8192] preg_replace(): The /e modifier is deprecated, use preg_replace_callback instead /var/www/html/myproject/shop/_core/Lib/Template/ThinkTemplate.class.php 第 350 行.
NOTIC: [8192] preg_replace(): The /e modifier is deprecated, use preg_replace_callback instead /var/www/html/myproject/shop/_core/Lib/Template/ThinkTemplate.class.php 第 350 行.
NOTIC: [8192] preg_replace(): The /e modifier is deprecated, use preg_replace_callback instead /var/www/html/myproject/shop/_core/Lib/Template/ThinkTemplate.class.php 第 350 行.
NOTIC: [8192] preg_replace(): The /e modifier is deprecated, use preg_replace_callback instead /var/www/html/myproject/shop/_core/Lib/Template/ThinkTemplate.class.php 第 350 行.
NOTIC: [8192] preg_replace(): The /e modifier is deprecated, use preg_replace_callback instead /var/www/html/myproject/shop/_core/Lib/Template/ThinkTemplate.class.php 第 350 行.
NOTIC: [8192] preg_replace(): The /e modifier is deprecated, use preg_replace_callback instead /var/www/html/myproject/shop/_core/Lib/Template/ThinkTemplate.class.php 第 350 行.
NOTIC: [8192] preg_replace(): The /e modifier is deprecated, use preg_replace_callback instead /var/www/html/myproject/shop/_core/Lib/Template/ThinkTemplate.class.php 第 350 行.
NOTIC: [8192] preg_replace(): The /e modifier is deprecated, use preg_replace_callback instead /var/www/html/myproject/shop/_core/Lib/Template/ThinkTemplate.class.php 第 350 行.
NOTIC: [8192] preg_replace(): The /e modifier is deprecated, use preg_replace_callback instead /var/www/html/myproject/shop/_core/Lib/Template/ThinkTemplate.class.php 第 350 行.
NOTIC: [8192] preg_replace(): The /e modifier is deprecated, use preg_replace_callback instead /var/www/html/myproject/shop/_core/Lib/Template/ThinkTemplate.class.php 第 350 行.
NOTIC: [8192] preg_replace(): The /e modifier is deprecated, use preg_replace_callback instead /var/www/html/myproject/shop/_core/Lib/Template/ThinkTemplate.class.php 第 350 行.
NOTIC: [8192] preg_replace(): The /e modifier is deprecated, use preg_replace_callback instead /var/www/html/myproject/shop/_core/Lib/Template/ThinkTemplate.class.php 第 350 行.
NOTIC: [8192] preg_replace(): The /e modifier is deprecated, use preg_replace_callback instead /var/www/html/myproject/shop/_core/Lib/Template/ThinkTemplate.class.php 第 345 行.
NOTIC: [8192] preg_replace(): The /e modifier is deprecated, use preg_replace_callback instead /var/www/html/myproject/shop/_core/Lib/Template/ThinkTemplate.class.php 第 345 行.
NOTIC: [8192] preg_replace(): The /e modifier is deprecated, use preg_replace_callback instead /var/www/html/myproject/shop/_core/Lib/Template/ThinkTemplate.class.php 第 350 行.
NOTIC: [8192] preg_replace(): The /e modifier is deprecated, use preg_replace_callback instead /var/www/html/myproject/shop/_core/Lib/Template/ThinkTemplate.class.php 第 350 行.
NOTIC: [8192] preg_replace(): The /e modifier is deprecated, use preg_replace_callback instead /var/www/html/myproject/shop/_core/Lib/Template/ThinkTemplate.class.php 第 350 行.
NOTIC: [8192] preg_replace(): The /e modifier is deprecated, use preg_replace_callback instead /var/www/html/myproject/shop/_core/Lib/Template/ThinkTemplate.class.php 第 345 行.
NOTIC: [8192] preg_replace(): The /e modifier is deprecated, use preg_replace_callback instead /var/www/html/myproject/shop/_core/Lib/Template/ThinkTemplate.class.php 第 350 行.
NOTIC: [8192] preg_replace(): The /e modifier is deprecated, use preg_replace_callback instead /var/www/html/myproject/shop/_core/Lib/Template/ThinkTemplate.class.php 第 350 行.
NOTIC: [8192] preg_replace(): The /e modifier is deprecated, use preg_replace_callback instead /var/www/html/myproject/shop/_core/Lib/Template/ThinkTemplate.class.php 第 350 行.
NOTIC: [8192] preg_replace(): The /e modifier is deprecated, use preg_replace_callback instead /var/www/html/myproject/shop/_core/Lib/Template/ThinkTemplate.class.php 第 350 行.
NOTIC: [8192] preg_replace(): The /e modifier is deprecated, use preg_replace_callback instead /var/www/html/myproject/shop/_core/Lib/Template/ThinkTemplate.class.php 第 350 行.
NOTIC: [8192] preg_replace(): The /e modifier is deprecated, use preg_replace_callback instead /var/www/html/myproject/shop/_core/Lib/Template/ThinkTemplate.class.php 第 350 行.
NOTIC: [8192] preg_replace(): The /e modifier is deprecated, use preg_replace_callback instead /var/www/html/myproject/shop/_core/Lib/Template/ThinkTemplate.class.php 第 350 行.
NOTIC: [8192] preg_replace(): The /e modifier is deprecated, use preg_replace_callback instead /var/www/html/myproject/shop/_core/Lib/Template/ThinkTemplate.class.php 第 350 行.
NOTIC: [8192] preg_replace(): The /e modifier is deprecated, use preg_replace_callback instead /var/www/html/myproject/shop/_core/Lib/Template/ThinkTemplate.class.php 第 350 行.
NOTIC: [8192] preg_replace(): The /e modifier is deprecated, use preg_replace_callback instead /var/www/html/myproject/shop/_core/Lib/Template/ThinkTemplate.class.php 第 350 行.
NOTIC: [8192] preg_replace(): The /e modifier is deprecated, use preg_replace_callback instead /var/www/html/myproject/shop/_core/Lib/Template/ThinkTemplate.class.php 第 350 行.
NOTIC: [8192] preg_replace(): The /e modifier is deprecated, use preg_replace_callback instead /var/www/html/myproject/shop/_core/Lib/Template/ThinkTemplate.class.php 第 350 行.
NOTIC: [8192] preg_replace(): The /e modifier is deprecated, use preg_replace_callback instead /var/www/html/myproject/shop/_core/Lib/Template/ThinkTemplate.class.php 第 350 行.
NOTIC: [8192] preg_replace(): The /e modifier is deprecated, use preg_replace_callback instead /var/www/html/myproject/shop/_core/Lib/Template/ThinkTemplate.class.php 第 350 行.
NOTIC: [8192] preg_replace(): The /e modifier is deprecated, use preg_replace_callback instead /var/www/html/myproject/shop/_core/Lib/Template/ThinkTemplate.class.php 第 350 行.
NOTIC: [8192] preg_replace(): The /e modifier is deprecated, use preg_replace_callback instead /var/www/html/myproject/shop/_core/Lib/Template/ThinkTemplate.class.php 第 350 行.
NOTIC: [8192] preg_replace(): The /e modifier is deprecated, use preg_replace_callback instead /var/www/html/myproject/shop/_core/Lib/Template/ThinkTemplate.class.php 第 350 行.
NOTIC: [8192] preg_replace(): The /e modifier is deprecated, use preg_replace_callback instead /var/www/html/myproject/shop/_core/Lib/Template/ThinkTemplate.class.php 第 350 行.
NOTIC: [8192] preg_replace(): The /e modifier is deprecated, use preg_replace_callback instead /var/www/html/myproject/shop/_core/Lib/Template/ThinkTemplate.class.php 第 350 行.
NOTIC: [8192] preg_replace(): The /e modifier is deprecated, use preg_replace_callback instead /var/www/html/myproject/shop/_core/Lib/Template/ThinkTemplate.class.php 第 350 行.
NOTIC: [8192] preg_replace(): The /e modifier is deprecated, use preg_replace_callback instead /var/www/html/myproject/shop/_core/Lib/Template/ThinkTemplate.class.php 第 350 行.
NOTIC: [8192] preg_replace(): The /e modifier is deprecated, use preg_replace_callback instead /var/www/html/myproject/shop/_core/Lib/Template/ThinkTemplate.class.php 第 350 行.
NOTIC: [8192] preg_replace(): The /e modifier is deprecated, use preg_replace_callback instead /var/www/html/myproject/shop/_core/Lib/Template/ThinkTemplate.class.php 第 350 行.
NOTIC: [8192] preg_replace(): The /e modifier is deprecated, use preg_replace_callback instead /var/www/html/myproject/shop/_core/Lib/Template/ThinkTemplate.class.php 第 350 行.
NOTIC: [8192] preg_replace(): The /e modifier is deprecated, use preg_replace_callback instead /var/www/html/myproject/shop/_core/Lib/Template/ThinkTemplate.class.php 第 350 行.
NOTIC: [8192] preg_replace(): The /e modifier is deprecated, use preg_replace_callback instead /var/www/html/myproject/shop/_core/Lib/Template/ThinkTemplate.class.php 第 350 行.
NOTIC: [8192] preg_replace(): The /e modifier is deprecated, use preg_replace_callback instead /var/www/html/myproject/shop/_core/Lib/Template/ThinkTemplate.class.php 第 350 行.
NOTIC: [8192] preg_replace(): The /e modifier is deprecated, use preg_replace_callback instead /var/www/html/myproject/shop/_core/Lib/Template/ThinkTemplate.class.php 第 350 行.
NOTIC: [8192] preg_replace(): The /e modifier is deprecated, use preg_replace_callback instead /var/www/html/myproject/shop/_core/Lib/Template/ThinkTemplate.class.php 第 350 行.
NOTIC: [8192] preg_replace(): The /e modifier is deprecated, use preg_replace_callback instead /var/www/html/myproject/shop/_core/Lib/Template/ThinkTemplate.class.php 第 350 行.
NOTIC: [8192] preg_replace(): The /e modifier is deprecated, use preg_replace_callback instead /var/www/html/myproject/shop/_core/Lib/Template/ThinkTemplate.class.php 第 350 行.
NOTIC: [8192] preg_replace(): The /e modifier is deprecated, use preg_replace_callback instead /var/www/html/myproject/shop/_core/Lib/Template/ThinkTemplate.class.php 第 350 行.
NOTIC: [8192] preg_replace(): The /e modifier is deprecated, use preg_replace_callback instead /var/www/html/myproject/shop/_core/Lib/Template/ThinkTemplate.class.php 第 350 行.
NOTIC: [8192] preg_replace(): The /e modifier is deprecated, use preg_replace_callback instead /var/www/html/myproject/shop/_core/Lib/Template/ThinkTemplate.class.php 第 350 行.
NOTIC: [8192] preg_replace(): The /e modifier is deprecated, use preg_replace_callback instead /var/www/html/myproject/shop/_core/Lib/Template/ThinkTemplate.class.php 第 350 行.
NOTIC: [8192] preg_replace(): The /e modifier is deprecated, use preg_replace_callback instead /var/www/html/myproject/shop/_core/Lib/Template/ThinkTemplate.class.php 第 350 行.
NOTIC: [8192] preg_replace(): The /e modifier is deprecated, use preg_replace_callback instead /var/www/html/myproject/shop/_core/Lib/Template/ThinkTemplate.class.php 第 350 行.
NOTIC: [8192] preg_replace(): The /e modifier is deprecated, use preg_replace_callback instead /var/www/html/myproject/shop/_core/Lib/Template/ThinkTemplate.class.php 第 350 行.
NOTIC: [8192] preg_replace(): The /e modifier is deprecated, use preg_replace_callback instead /var/www/html/myproject/shop/_core/Lib/Template/ThinkTemplate.class.php 第 350 行.
NOTIC: [8192] preg_replace(): The /e modifier is deprecated, use preg_replace_callback instead /var/www/html/myproject/shop/_core/Lib/Template/ThinkTemplate.class.php 第 350 行.
NOTIC: [8192] preg_replace(): The /e modifier is deprecated, use preg_replace_callback instead /var/www/html/myproject/shop/_core/Lib/Template/ThinkTemplate.class.php 第 350 行.
NOTIC: [8192] preg_replace(): The /e modifier is deprecated, use preg_replace_callback instead /var/www/html/myproject/shop/_core/Lib/Template/ThinkTemplate.class.php 第 350 行.
NOTIC: [8192] preg_replace(): The /e modifier is deprecated, use preg_replace_callback instead /var/www/html/myproject/shop/_core/Lib/Template/ThinkTemplate.class.php 第 350 行.
NOTIC: [8192] preg_replace(): The /e modifier is deprecated, use preg_replace_callback instead /var/www/html/myproject/shop/_core/Lib/Template/ThinkTemplate.class.php 第 350 行.
NOTIC: [8192] preg_replace(): The /e modifier is deprecated, use preg_replace_callback instead /var/www/html/myproject/shop/_core/Lib/Template/ThinkTemplate.class.php 第 350 行.
NOTIC: [8192] preg_replace(): The /e modifier is deprecated, use preg_replace_callback instead /var/www/html/myproject/shop/_core/Lib/Template/ThinkTemplate.class.php 第 350 行.
NOTIC: [8192] preg_replace(): The /e modifier is deprecated, use preg_replace_callback instead /var/www/html/myproject/shop/_core/Lib/Template/ThinkTemplate.class.php 第 350 行.
NOTIC: [8192] preg_replace(): The /e modifier is deprecated, use preg_replace_callback instead /var/www/html/myproject/shop/_core/Lib/Template/ThinkTemplate.class.php 第 350 行.
NOTIC: [8192] preg_replace(): The /e modifier is deprecated, use preg_replace_callback instead /var/www/html/myproject/shop/_core/Lib/Template/ThinkTemplate.class.php 第 350 行.
NOTIC: [8192] preg_replace(): The /e modifier is deprecated, use preg_replace_callback instead /var/www/html/myproject/shop/_core/Lib/Template/ThinkTemplate.class.php 第 350 行.
NOTIC: [8192] preg_replace(): The /e modifier is deprecated, use preg_replace_callback instead /var/www/html/myproject/shop/_core/Lib/Template/ThinkTemplate.class.php 第 350 行.
NOTIC: [8192] preg_replace(): The /e modifier is deprecated, use preg_replace_callback instead /var/www/html/myproject/shop/_core/Lib/Template/ThinkTemplate.class.php 第 350 行.
NOTIC: [8192] preg_replace(): The /e modifier is deprecated, use preg_replace_callback instead /var/www/html/myproject/shop/_core/Lib/Template/ThinkTemplate.class.php 第 350 行.
NOTIC: [8192] preg_replace(): The /e modifier is deprecated, use preg_replace_callback instead /var/www/html/myproject/shop/_core/Lib/Template/ThinkTemplate.class.php 第 350 行.
NOTIC: [8192] preg_replace(): The /e modifier is deprecated, use preg_replace_callback instead /var/www/html/myproject/shop/_core/Lib/Template/ThinkTemplate.class.php 第 350 行.
NOTIC: [8192] preg_replace(): The /e modifier is deprecated, use preg_replace_callback instead /var/www/html/myproject/shop/_core/Lib/Template/ThinkTemplate.class.php 第 350 行.
NOTIC: [8192] preg_replace(): The /e modifier is deprecated, use preg_replace_callback instead /var/www/html/myproject/shop/_core/Lib/Template/ThinkTemplate.class.php 第 350 行.
NOTIC: [8192] preg_replace(): The /e modifier is deprecated, use preg_replace_callback instead /var/www/html/myproject/shop/_core/Lib/Template/ThinkTemplate.class.php 第 350 行.
NOTIC: [8192] preg_replace(): The /e modifier is deprecated, use preg_replace_callback instead /var/www/html/myproject/shop/_core/Lib/Template/ThinkTemplate.class.php 第 350 行.
NOTIC: [8192] preg_replace(): The /e modifier is deprecated, use preg_replace_callback instead /var/www/html/myproject/shop/_core/Lib/Template/ThinkTemplate.class.php 第 350 行.
NOTIC: [8192] preg_replace(): The /e modifier is deprecated, use preg_replace_callback instead /var/www/html/myproject/shop/_core/Lib/Template/ThinkTemplate.class.php 第 350 行.
NOTIC: [8192] preg_replace(): The /e modifier is deprecated, use preg_replace_callback instead /var/www/html/myproject/shop/_core/Lib/Template/ThinkTemplate.class.php 第 350 行.
NOTIC: [8192] preg_replace(): The /e modifier is deprecated, use preg_replace_callback instead /var/www/html/myproject/shop/_core/Lib/Template/ThinkTemplate.class.php 第 350 行.
NOTIC: [8192] preg_replace(): The /e modifier is deprecated, use preg_replace_callback instead /var/www/html/myproject/shop/_core/Lib/Template/ThinkTemplate.class.php 第 350 行.
NOTIC: [8192] preg_replace(): The /e modifier is deprecated, use preg_replace_callback instead /var/www/html/myproject/shop/_core/Lib/Template/ThinkTemplate.class.php 第 350 行.
NOTIC: [8192] preg_replace(): The /e modifier is deprecated, use preg_replace_callback instead /var/www/html/myproject/shop/_core/Lib/Template/ThinkTemplate.class.php 第 350 行.
NOTIC: [8192] preg_replace(): The /e modifier is deprecated, use preg_replace_callback instead /var/www/html/myproject/shop/_core/Lib/Template/ThinkTemplate.class.php 第 345 行.
NOTIC: [8192] preg_replace(): The /e modifier is deprecated, use preg_replace_callback instead /var/www/html/myproject/shop/_core/Lib/Template/ThinkTemplate.class.php 第 345 行.
NOTIC: [8192] preg_replace(): The /e modifier is deprecated, use preg_replace_callback instead /var/www/html/myproject/shop/_core/Lib/Template/ThinkTemplate.class.php 第 345 行.
NOTIC: [8192] preg_replace(): The /e modifier is deprecated, use preg_replace_callback instead /var/www/html/myproject/shop/_core/Lib/Template/ThinkTemplate.class.php 第 345 行.
NOTIC: [8192] preg_replace(): The /e modifier is deprecated, use preg_replace_callback instead /var/www/html/myproject/shop/_core/Lib/Template/ThinkTemplate.class.php 第 345 行.
NOTIC: [8192] preg_replace(): The /e modifier is deprecated, use preg_replace_callback instead /var/www/html/myproject/shop/_core/Lib/Template/ThinkTemplate.class.php 第 345 行.
NOTIC: [8192] preg_replace(): The /e modifier is deprecated, use preg_replace_callback instead /var/www/html/myproject/shop/_core/Lib/Template/ThinkTemplate.class.php 第 350 行.
NOTIC: [8192] preg_replace(): The /e modifier is deprecated, use preg_replace_callback instead /var/www/html/myproject/shop/_core/Lib/Template/ThinkTemplate.class.php 第 350 行.
NOTIC: [8192] preg_replace(): The /e modifier is deprecated, use preg_replace_callback instead /var/www/html/myproject/shop/_core/Lib/Template/ThinkTemplate.class.php 第 350 行.
NOTIC: [8192] preg_replace(): The /e modifier is deprecated, use preg_replace_callback instead /var/www/html/myproject/shop/_core/Lib/Template/ThinkTemplate.class.php 第 184 行.
NOTIC: [8192] preg_replace(): The /e modifier is deprecated, use preg_replace_callback instead /var/www/html/myproject/shop/_core/Lib/Template/ThinkTemplate.class.php 第 124 行.
INFO: Run ParseTemplate Behavior [ RunTime:-0.000703s ]
INFO: [ view_parse ] --END-- [ RunTime:0.002376s ]
INFO: [ view_filter ] --START--
INFO: Run ContentReplace Behavior [ RunTime:-0.002728s ]
INFO: Run TokenBuild Behavior [ RunTime:-0.002785s ]
INFO: Run WriteHtmlCache Behavior [ RunTime:-0.002828s ]
INFO: Run ShowRuntime Behavior [ RunTime:-0.002850s ]
INFO: [ view_filter ] --END-- [ RunTime:0.000166s ]
INFO: [ view_end ] --START--
INFO: Run ShowPageTrace Behavior [ RunTime:-0.002915s ]
INFO: [ view_end ] --END-- [ RunTime:0.000047s ]

